Copyright 1986-2014 Xilinx, Inc. All Rights Reserved.
--------------------------------------------------------------------------------------
| Tool Version : Vivado v.2014.1 (lin64) Build 881834 Fri Apr  4 14:00:25 MDT 2014
| Date         : Fri Sep  5 05:04:42 2014
| Host         : umma running 64-bit Ubuntu 12.04.5 LTS
| Command      : report_datasheet -file ./hw/mkcontrollertop_post_route_datasheet.rpt
| Design       : mkControllerTop
| Device       : 7a200t-fbg676
| Speed File   : -2  PRODUCTION 1.12 2014-03-13
--------------------------------------------------------------------------------------

Data Sheet Report

Setups between clocks

--------------------------------------------------------+---------------------------------------------------------+-----------+---------+-----------+---------+-----------+---------+-----------+---------+
Source                                                  | Destination                                             |  Src:Rise | Process |  Src:Rise | Process |  Src:Fall | Process |  Src:Fall | Process | 
Clock                                                   | Clock                                                   | Dest:Rise | Corner  | Dest:Fall | Corner  | Dest:Rise | Corner  | Dest:Fall | Corner  | 
--------------------------------------------------------+---------------------------------------------------------+-----------+---------+-----------+---------+-----------+---------+-----------+---------+
dbg_hub/inst/bscan_inst/SERIES7_BSCAN.bscan_inst/DRCK   | dbg_hub/inst/bscan_inst/SERIES7_BSCAN.bscan_inst/DRCK   |     5.247 | SLOW    |           |         |           |         |           |         | 
dbg_hub/inst/bscan_inst/SERIES7_BSCAN.bscan_inst/UPDATE | dbg_hub/inst/bscan_inst/SERIES7_BSCAN.bscan_inst/DRCK   |     1.256 | SLOW    |           |         |           |         |           |         | 
drp_clk_i                                               | dbg_hub/inst/bscan_inst/SERIES7_BSCAN.bscan_inst/DRCK   |     1.389 | SLOW    |           |         |           |         |           |         | 
init_clk_i                                              | dbg_hub/inst/bscan_inst/SERIES7_BSCAN.bscan_inst/DRCK   |     1.389 | SLOW    |           |         |           |         |           |         | 
dbg_hub/inst/bscan_inst/SERIES7_BSCAN.bscan_inst/UPDATE | dbg_hub/inst/bscan_inst/SERIES7_BSCAN.bscan_inst/UPDATE |     1.412 | SLOW    |           |         |           |         |           |         | 
dbg_hub/inst/bscan_inst/SERIES7_BSCAN.bscan_inst/DRCK   | drp_clk_i                                               |     7.994 | SLOW    |           |         |           |         |           |         | 
drp_clk_i                                               | drp_clk_i                                               |    14.613 | SLOW    |           |         |           |         |           |         | 
init_clk_i                                              | drp_clk_i                                               |    14.613 | SLOW    |           |         |           |         |           |         | 
user_clk_i                                              | drp_clk_i                                               |     3.045 | SLOW    |           |         |           |         |           |         | 
dbg_hub/inst/bscan_inst/SERIES7_BSCAN.bscan_inst/DRCK   | init_clk_i                                              |     7.994 | SLOW    |           |         |           |         |           |         | 
drp_clk_i                                               | init_clk_i                                              |    14.613 | SLOW    |           |         |           |         |           |         | 
init_clk_i                                              | init_clk_i                                              |    14.613 | SLOW    |           |         |           |         |           |         | 
user_clk_i                                              | init_clk_i                                              |     3.045 | SLOW    |           |         |           |         |           |         | 
sync_clk_i                                              | sync_clk_i                                              |     2.760 | SLOW    |           |         |           |         |           |         | 
drp_clk_i                                               | user_clk_i                                              |     5.670 | SLOW    |           |         |           |         |           |         | 
init_clk_i                                              | user_clk_i                                              |     5.670 | SLOW    |           |         |           |         |           |         | 
user_clk_i                                              | user_clk_i                                              |     7.931 | SLOW    |           |         |           |         |           |         | 
--------------------------------------------------------+---------------------------------------------------------+-----------+---------+-----------+---------+-----------+---------+-----------+---------+


