Copyright 1986-2014 Xilinx, Inc. All Rights Reserved.
---------------------------------------------------------------------------------------------------------------------------------
| Tool Version : Vivado v.2014.1 (lin64) Build 881834 Fri Apr  4 14:00:25 MDT 2014
| Date         : Fri Sep  5 05:01:55 2014
| Host         : umma running 64-bit Ubuntu 12.04.5 LTS
| Command      : report_timing -sort_by group -max_paths 100 -path_type summary -file ./hw/mkcontrollertop_post_synth_timing.rpt
| Design       : mkControllerTop
| Device       : 7a200t-fbg676
| Speed File   : -2  PRODUCTION 1.12 2014-03-13
---------------------------------------------------------------------------------------------------------------------------------

Timing Report

Startpoint                     Endpoint                       Slack         
-------------------------------------------------------------------         
auroraIfc/auroraIntraImport/aurora_module_i/aurora_8b10b_i/inst/gt_wrapper_i/aurora_8b10b_multi_gt_i/gt1_aurora_8b10b_i/gtpe2_i/RXUSRCLK auroraIfc/auroraIntraImport/aurora_module_i/aurora_8b10b_i/inst/gt_wrapper_i/aurora_8b10b_multi_gt_i/gt2_aurora_8b10b_i/gtpe2_i/RXCHBONDI[2] 1.834         
auroraIfc/auroraIntraImport/aurora_module_i/aurora_8b10b_i/inst/gt_wrapper_i/aurora_8b10b_multi_gt_i/gt1_aurora_8b10b_i/gtpe2_i/RXUSRCLK auroraIfc/auroraIntraImport/aurora_module_i/aurora_8b10b_i/inst/gt_wrapper_i/aurora_8b10b_multi_gt_i/gt2_aurora_8b10b_i/gtpe2_i/RXCHBONDI[0] 1.909         
auroraIfc/auroraIntraImport/aurora_module_i/aurora_8b10b_i/inst/gt_wrapper_i/aurora_8b10b_multi_gt_i/gt1_aurora_8b10b_i/gtpe2_i/RXUSRCLK auroraIfc/auroraIntraImport/aurora_module_i/aurora_8b10b_i/inst/gt_wrapper_i/aurora_8b10b_multi_gt_i/gt2_aurora_8b10b_i/gtpe2_i/RXCHBONDI[3] 1.930         
auroraIfc/auroraIntraImport/aurora_module_i/aurora_8b10b_i/inst/gt_wrapper_i/aurora_8b10b_multi_gt_i/gt1_aurora_8b10b_i/gtpe2_i/RXUSRCLK auroraIfc/auroraIntraImport/aurora_module_i/aurora_8b10b_i/inst/gt_wrapper_i/aurora_8b10b_multi_gt_i/gt2_aurora_8b10b_i/gtpe2_i/RXCHBONDI[1] 1.944         
auroraIfc/auroraIntraImport/aurora_module_i/aurora_8b10b_i/inst/gt_wrapper_i/aurora_8b10b_multi_gt_i/gt1_aurora_8b10b_i/gtpe2_i/RXUSRCLK auroraIfc/auroraIntraImport/aurora_module_i/aurora_8b10b_i/inst/gt_wrapper_i/aurora_8b10b_multi_gt_i/gt0_aurora_8b10b_i/gtpe2_i/RXCHBONDI[0] 1.993         
auroraIfc/auroraIntraImport/aurora_module_i/aurora_8b10b_i/inst/gt_wrapper_i/aurora_8b10b_multi_gt_i/gt2_aurora_8b10b_i/gtpe2_i/RXUSRCLK auroraIfc/auroraIntraImport/aurora_module_i/aurora_8b10b_i/inst/gt_wrapper_i/aurora_8b10b_multi_gt_i/gt3_aurora_8b10b_i/gtpe2_i/RXCHBONDI[2] 2.014         
auroraIfc/auroraIntraImport/aurora_module_i/aurora_8b10b_i/inst/gt_wrapper_i/aurora_8b10b_multi_gt_i/gt1_aurora_8b10b_i/gtpe2_i/RXUSRCLK auroraIfc/auroraIntraImport/aurora_module_i/aurora_8b10b_i/inst/gt_wrapper_i/aurora_8b10b_multi_gt_i/gt0_aurora_8b10b_i/gtpe2_i/RXCHBONDI[1] 2.016         
auroraIfc/auroraIntraImport/aurora_module_i/aurora_8b10b_i/inst/gt_wrapper_i/aurora_8b10b_multi_gt_i/gt2_aurora_8b10b_i/gtpe2_i/RXUSRCLK auroraIfc/auroraIntraImport/aurora_module_i/aurora_8b10b_i/inst/gt_wrapper_i/aurora_8b10b_multi_gt_i/gt3_aurora_8b10b_i/gtpe2_i/RXCHBONDI[3] 2.038         
auroraIfc/auroraIntraImport/aurora_module_i/aurora_8b10b_i/inst/gt_wrapper_i/aurora_8b10b_multi_gt_i/gt2_aurora_8b10b_i/gtpe2_i/RXUSRCLK auroraIfc/auroraIntraImport/aurora_module_i/aurora_8b10b_i/inst/gt_wrapper_i/aurora_8b10b_multi_gt_i/gt3_aurora_8b10b_i/gtpe2_i/RXCHBONDI[1] 2.077         
auroraIfc/auroraIntraImport/aurora_module_i/aurora_8b10b_i/inst/gt_wrapper_i/aurora_8b10b_multi_gt_i/gt2_aurora_8b10b_i/gtpe2_i/RXUSRCLK auroraIfc/auroraIntraImport/aurora_module_i/aurora_8b10b_i/inst/gt_wrapper_i/aurora_8b10b_multi_gt_i/gt3_aurora_8b10b_i/gtpe2_i/RXCHBONDI[0] 2.085         
auroraIfc/auroraIntraImport/aurora_module_i/aurora_8b10b_i/inst/gt_wrapper_i/aurora_8b10b_multi_gt_i/gt1_aurora_8b10b_i/gtpe2_i/RXUSRCLK auroraIfc/auroraIntraImport/aurora_module_i/aurora_8b10b_i/inst/gt_wrapper_i/aurora_8b10b_multi_gt_i/gt0_aurora_8b10b_i/gtpe2_i/RXCHBONDI[2] 2.170         
auroraIfc/auroraIntraImport/aurora_module_i/aurora_8b10b_i/inst/gt_wrapper_i/aurora_8b10b_multi_gt_i/gt1_aurora_8b10b_i/gtpe2_i/RXUSRCLK auroraIfc/auroraIntraImport/aurora_module_i/aurora_8b10b_i/inst/gt_wrapper_i/aurora_8b10b_multi_gt_i/gt0_aurora_8b10b_i/gtpe2_i/RXCHBONDI[3] 2.173         
auroraIfc/auroraIntraImport/aurora_module_i/aurora_8b10b_i/inst/core_reset_logic_i/tx_lock_cdc_sync/s_level_out_d3_reg/C auroraIfc/sendQ/fifoMem_reg_0/ENARDEN 4.608         
auroraIfc/auroraIntraImport/aurora_module_i/aurora_8b10b_i/inst/core_reset_logic_i/tx_lock_cdc_sync/s_level_out_d3_reg/C auroraIfc/sendQ/fifoMem_reg_1/ENARDEN 4.608         
auroraIfc/auroraIntraImport/aurora_module_i/aurora_8b10b_i/inst/core_reset_logic_i/tx_lock_cdc_sync/s_level_out_d3_reg/C auroraIfc/sendQ/fifoMem_reg_2/ENARDEN 4.608         
auroraIfc/auroraIntraImport/aurora_module_i/aurora_8b10b_i/inst/core_reset_logic_i/tx_lock_cdc_sync/s_level_out_d3_reg/C auroraIfc/sendQ/fifoMem_reg_3/ENARDEN 4.608         
auroraIfc/auroraIntraImport/aurora_module_i/aurora_8b10b_i/inst/core_reset_logic_i/tx_lock_cdc_sync/s_level_out_d3_reg/C auroraIfc/auroraIntraImport/aurora_module_i/aurora_8b10b_i/inst/aurora_8b10b_aurora_lane_4byte_0_i/aurora_8b10b_sym_gen_4byte_i/tx_pe_data_v_r_reg[1]_rep/D 4.613         
auroraIfc/sendQ/fifoMem_reg_1/CLKARDCLK auroraIfc/auroraIntraImport/chipscope1.i_ila/inst/ila_core_inst/u_trig/U_TM/G_NMU[0].U_M/allx_typeA_match_detection.cs_allx_typeA_inst/probeDelay1_reg[3]/D 4.784         
auroraIfc/sendQ/fifoMem_reg_1/CLKARDCLK auroraIfc/auroraIntraImport/chipscope1.i_ila/inst/ila_core_inst/u_trig/U_TM/G_NMU[0].U_M/allx_typeA_match_detection.cs_allx_typeA_inst/probeDelay1_reg[5]/D 4.784         
auroraIfc/sendQ/fifoMem_reg_1/CLKARDCLK auroraIfc/auroraIntraImport/chipscope1.i_ila/inst/ila_core_inst/u_trig/U_TM/G_NMU[0].U_M/allx_typeA_match_detection.cs_allx_typeA_inst/probeDelay1_reg[7]/D 4.784         
auroraIfc/sendQ/fifoMem_reg_1/CLKARDCLK auroraIfc/auroraIntraImport/chipscope1.i_ila/inst/ila_core_inst/u_trig/U_TM/G_NMU[0].U_M/allx_typeA_match_detection.cs_allx_typeA_inst/probeDelay1_reg[9]/D 4.963         
auroraIfc/auroraIntraImport/aurora_module_i/aurora_8b10b_i/inst/core_reset_logic_i/tx_lock_cdc_sync/s_level_out_d3_reg/C auroraIfc/auroraIntraImport/aurora_module_i/aurora_8b10b_i/inst/aurora_8b10b_aurora_lane_4byte_0_i/aurora_8b10b_sym_gen_4byte_i/tx_pe_data_v_r_reg[1]/D 5.045         
auroraIfc/auroraIntraImport/aurora_module_i/aurora_8b10b_i/inst/core_reset_logic_i/tx_lock_cdc_sync/s_level_out_d3_reg/C auroraIfc/sendQ/dGDeqPtr1_reg[0]/CE 5.078         
auroraIfc/auroraIntraImport/aurora_module_i/aurora_8b10b_i/inst/core_reset_logic_i/tx_lock_cdc_sync/s_level_out_d3_reg/C auroraIfc/sendQ/dGDeqPtr1_reg[1]/CE 5.078         
auroraIfc/auroraIntraImport/aurora_module_i/aurora_8b10b_i/inst/core_reset_logic_i/tx_lock_cdc_sync/s_level_out_d3_reg/C auroraIfc/sendQ/dGDeqPtr1_reg[2]/CE 5.078         
auroraIfc/auroraIntraImport/aurora_module_i/aurora_8b10b_i/inst/core_reset_logic_i/tx_lock_cdc_sync/s_level_out_d3_reg/C auroraIfc/sendQ/dGDeqPtr1_reg[3]/CE 5.078         
auroraIfc/auroraIntraImport/aurora_module_i/aurora_8b10b_i/inst/core_reset_logic_i/tx_lock_cdc_sync/s_level_out_d3_reg/C auroraIfc/sendQ/dGDeqPtr1_reg[4]/CE 5.078         
auroraIfc/auroraIntraImport/aurora_module_i/aurora_8b10b_i/inst/core_reset_logic_i/tx_lock_cdc_sync/s_level_out_d3_reg/C auroraIfc/sendQ/dGDeqPtr1_reg[5]/CE 5.078         
auroraIfc/auroraIntraImport/aurora_module_i/aurora_8b10b_i/inst/core_reset_logic_i/tx_lock_cdc_sync/s_level_out_d3_reg/C auroraIfc/sendQ/dGDeqPtr1_reg[6]/CE 5.078         
auroraIfc/auroraIntraImport/aurora_module_i/aurora_8b10b_i/inst/core_reset_logic_i/tx_lock_cdc_sync/s_level_out_d3_reg/C auroraIfc/sendQ/dGDeqPtr_reg[1]/CE 5.078         
auroraIfc/auroraIntraImport/aurora_module_i/aurora_8b10b_i/inst/core_reset_logic_i/tx_lock_cdc_sync/s_level_out_d3_reg/C auroraIfc/sendQ/dGDeqPtr_reg[2]/CE 5.078         
auroraIfc/auroraIntraImport/aurora_module_i/aurora_8b10b_i/inst/core_reset_logic_i/tx_lock_cdc_sync/s_level_out_d3_reg/C auroraIfc/sendQ/dGDeqPtr_reg[3]/CE 5.078         
auroraIfc/auroraIntraImport/aurora_module_i/aurora_8b10b_i/inst/core_reset_logic_i/tx_lock_cdc_sync/s_level_out_d3_reg/C auroraIfc/sendQ/dGDeqPtr_reg[4]/CE 5.078         
auroraIfc/auroraIntraImport/aurora_module_i/aurora_8b10b_i/inst/core_reset_logic_i/tx_lock_cdc_sync/s_level_out_d3_reg/C auroraIfc/sendQ/dGDeqPtr_reg[5]/CE 5.078         
auroraIfc/auroraIntraImport/aurora_module_i/aurora_8b10b_i/inst/core_reset_logic_i/tx_lock_cdc_sync/s_level_out_d3_reg/C auroraIfc/sendQ/dGDeqPtr_reg[6]/CE 5.078         
auroraIfc/auroraIntraImport/aurora_module_i/aurora_8b10b_i/inst/core_reset_logic_i/tx_lock_cdc_sync/s_level_out_d3_reg/C auroraIfc/sendQ/dGDeqPtr_reg_rep[0]/CE 5.078         
auroraIfc/auroraIntraImport/aurora_module_i/aurora_8b10b_i/inst/core_reset_logic_i/tx_lock_cdc_sync/s_level_out_d3_reg/C auroraIfc/sendQ/dGDeqPtr_reg_rep[1]/CE 5.078         
auroraIfc/auroraIntraImport/aurora_module_i/aurora_8b10b_i/inst/core_reset_logic_i/tx_lock_cdc_sync/s_level_out_d3_reg/C auroraIfc/sendQ/dGDeqPtr_reg_rep[2]/CE 5.078         
auroraIfc/auroraIntraImport/aurora_module_i/aurora_8b10b_i/inst/core_reset_logic_i/tx_lock_cdc_sync/s_level_out_d3_reg/C auroraIfc/sendQ/dGDeqPtr_reg_rep[3]/CE 5.078         
auroraIfc/auroraIntraImport/aurora_module_i/aurora_8b10b_i/inst/core_reset_logic_i/tx_lock_cdc_sync/s_level_out_d3_reg/C auroraIfc/sendQ/dGDeqPtr_reg_rep[4]/CE 5.078         
auroraIfc/sendQ/fifoMem_reg_1/CLKARDCLK auroraIfc/auroraIntraImport/chipscope1.i_ila/inst/ila_core_inst/u_trig/U_TM/G_NMU[0].U_M/allx_typeA_match_detection.cs_allx_typeA_inst/probeDelay1_reg[2]/D 5.199         
auroraIfc/sendQ/fifoMem_reg_1/CLKARDCLK auroraIfc/auroraIntraImport/chipscope1.i_ila/inst/ila_core_inst/u_trig/U_TM/G_NMU[0].U_M/allx_typeA_match_detection.cs_allx_typeA_inst/probeDelay1_reg[4]/D 5.199         
auroraIfc/sendQ/fifoMem_reg_1/CLKARDCLK auroraIfc/auroraIntraImport/chipscope1.i_ila/inst/ila_core_inst/u_trig/U_TM/G_NMU[0].U_M/allx_typeA_match_detection.cs_allx_typeA_inst/probeDelay1_reg[6]/D 5.199         
auroraIfc/sendQ/fifoMem_reg_1/CLKARDCLK auroraIfc/auroraIntraImport/chipscope1.i_ila/inst/ila_core_inst/u_trig/U_TM/G_NMU[0].U_M/allx_typeA_match_detection.cs_allx_typeA_inst/probeDelay1_reg[8]/D 5.199         
auroraIfc/auroraIntraImport/aurora_module_i/aurora_8b10b_i/inst/core_reset_logic_i/tx_lock_cdc_sync/s_level_out_d3_reg/C auroraIfc/auroraIntraImport/chipscope1.i_ila/inst/ila_core_inst/u_trig/U_TM/G_NMU[0].U_M/allx_typeA_match_detection.cs_allx_typeA_inst/probeDelay1_reg[0]/D 5.368         
auroraIfc/auroraIntraImport/aurora_module_i/aurora_8b10b_i/inst/core_reset_logic_i/tx_lock_cdc_sync/s_level_out_d3_reg/C auroraIfc/sendQ/dNotEmptyReg_reg/D 5.490         
auroraIfc/auroraIntraImport/chipscope1.i_ila/inst/ila_core_inst/basic_trigger_reg/C auroraIfc/auroraIntraImport/chipscope1.i_ila/inst/ila_core_inst/u_ila_cap_ctrl/u_cap_addrgen/u_cap_sample_counter/u_scnt_cmp_q/R 5.525         
auroraIfc/auroraIntraImport/chipscope1.i_ila/inst/ila_core_inst/basic_trigger_reg/C auroraIfc/auroraIntraImport/chipscope1.i_ila/inst/ila_core_inst/u_ila_cap_ctrl/u_cap_addrgen/u_cap_window_counter/u_wcnt_lcmp_q/R 5.525         
auroraIfc/auroraIntraImport/aurora_module_i/aurora_8b10b_i/inst/aurora_8b10b_global_logic_i/channel_init_sm_i/check_bond_r_reg/C auroraIfc/auroraIntraImport/aurora_module_i/aurora_8b10b_i/inst/aurora_8b10b_global_logic_i/channel_init_sm_i/reset_lanes_flop_0_i/D 5.542         
auroraIfc/auroraIntraImport/aurora_module_i/aurora_8b10b_i/inst/aurora_8b10b_global_logic_i/channel_init_sm_i/check_bond_r_reg/C auroraIfc/auroraIntraImport/aurora_module_i/aurora_8b10b_i/inst/aurora_8b10b_global_logic_i/channel_init_sm_i/reset_lanes_flop_1_i/D 5.542         
auroraIfc/auroraIntraImport/aurora_module_i/aurora_8b10b_i/inst/aurora_8b10b_global_logic_i/channel_init_sm_i/check_bond_r_reg/C auroraIfc/auroraIntraImport/aurora_module_i/aurora_8b10b_i/inst/aurora_8b10b_global_logic_i/channel_init_sm_i/reset_lanes_flop_2_i/D 5.542         
auroraIfc/auroraIntraImport/aurora_module_i/aurora_8b10b_i/inst/aurora_8b10b_global_logic_i/channel_init_sm_i/check_bond_r_reg/C auroraIfc/auroraIntraImport/aurora_module_i/aurora_8b10b_i/inst/aurora_8b10b_global_logic_i/channel_init_sm_i/reset_lanes_flop_3_i/D 5.542         
auroraIfc/auroraIntraImport/chipscope1.i_ila/inst/ila_core_inst/basic_trigger_reg/C auroraIfc/auroraIntraImport/chipscope1.i_ila/inst/ila_core_inst/u_ila_cap_ctrl/u_cap_addrgen/u_cap_window_counter/u_wcnt_hcmp_q/R 5.554         
auroraIfc/sendQ/fifoMem_reg_1/CLKARDCLK auroraIfc/auroraIntraImport/chipscope1.i_ila/inst/ila_core_inst/shifted_data_in_reg[7][2]_srl8/D 5.612         
auroraIfc/sendQ/fifoMem_reg_1/CLKARDCLK auroraIfc/auroraIntraImport/chipscope1.i_ila/inst/ila_core_inst/shifted_data_in_reg[7][3]_srl8/D 5.612         
auroraIfc/sendQ/fifoMem_reg_1/CLKARDCLK auroraIfc/auroraIntraImport/chipscope1.i_ila/inst/ila_core_inst/shifted_data_in_reg[7][4]_srl8/D 5.612         
auroraIfc/sendQ/fifoMem_reg_1/CLKARDCLK auroraIfc/auroraIntraImport/chipscope1.i_ila/inst/ila_core_inst/shifted_data_in_reg[7][5]_srl8/D 5.612         
auroraIfc/sendQ/fifoMem_reg_1/CLKARDCLK auroraIfc/auroraIntraImport/chipscope1.i_ila/inst/ila_core_inst/shifted_data_in_reg[7][6]_srl8/D 5.612         
auroraIfc/sendQ/fifoMem_reg_1/CLKARDCLK auroraIfc/auroraIntraImport/chipscope1.i_ila/inst/ila_core_inst/shifted_data_in_reg[7][7]_srl8/D 5.612         
auroraIfc/sendQ/fifoMem_reg_1/CLKARDCLK auroraIfc/auroraIntraImport/chipscope1.i_ila/inst/ila_core_inst/shifted_data_in_reg[7][8]_srl8/D 5.612         
auroraIfc/sendQ/fifoMem_reg_1/CLKARDCLK auroraIfc/auroraIntraImport/aurora_module_i/aurora_8b10b_i/inst/aurora_8b10b_aurora_lane_4byte_0_i/aurora_8b10b_sym_gen_4byte_i/tx_pe_data_r_reg[10]/D 5.669         
auroraIfc/sendQ/fifoMem_reg_1/CLKARDCLK auroraIfc/auroraIntraImport/aurora_module_i/aurora_8b10b_i/inst/aurora_8b10b_aurora_lane_4byte_0_i/aurora_8b10b_sym_gen_4byte_i/tx_pe_data_r_reg[11]/D 5.669         
auroraIfc/sendQ/fifoMem_reg_1/CLKARDCLK auroraIfc/auroraIntraImport/aurora_module_i/aurora_8b10b_i/inst/aurora_8b10b_aurora_lane_4byte_0_i/aurora_8b10b_sym_gen_4byte_i/tx_pe_data_r_reg[12]/D 5.669         
auroraIfc/sendQ/fifoMem_reg_1/CLKARDCLK auroraIfc/auroraIntraImport/aurora_module_i/aurora_8b10b_i/inst/aurora_8b10b_aurora_lane_4byte_0_i/aurora_8b10b_sym_gen_4byte_i/tx_pe_data_r_reg[13]/D 5.669         
auroraIfc/sendQ/fifoMem_reg_1/CLKARDCLK auroraIfc/auroraIntraImport/aurora_module_i/aurora_8b10b_i/inst/aurora_8b10b_aurora_lane_4byte_0_i/aurora_8b10b_sym_gen_4byte_i/tx_pe_data_r_reg[14]/D 5.669         
auroraIfc/sendQ/fifoMem_reg_1/CLKARDCLK auroraIfc/auroraIntraImport/aurora_module_i/aurora_8b10b_i/inst/aurora_8b10b_aurora_lane_4byte_0_i/aurora_8b10b_sym_gen_4byte_i/tx_pe_data_r_reg[15]/D 5.669         
auroraIfc/sendQ/fifoMem_reg_1/CLKARDCLK auroraIfc/auroraIntraImport/aurora_module_i/aurora_8b10b_i/inst/aurora_8b10b_aurora_lane_4byte_0_i/aurora_8b10b_sym_gen_4byte_i/tx_pe_data_r_reg[9]/D 5.669         
auroraIfc/sendQ/fifoMem_reg_0/CLKARDCLK auroraIfc/auroraIntraImport/aurora_module_i/aurora_8b10b_i/inst/aurora_8b10b_aurora_lane_4byte_0_i/aurora_8b10b_sym_gen_4byte_i/tx_pe_data_r_reg[17]/D 5.687         
auroraIfc/sendQ/fifoMem_reg_0/CLKARDCLK auroraIfc/auroraIntraImport/aurora_module_i/aurora_8b10b_i/inst/aurora_8b10b_aurora_lane_4byte_0_i/aurora_8b10b_sym_gen_4byte_i/tx_pe_data_r_reg[19]/D 5.687         
auroraIfc/sendQ/fifoMem_reg_0/CLKARDCLK auroraIfc/auroraIntraImport/aurora_module_i/aurora_8b10b_i/inst/aurora_8b10b_aurora_lane_4byte_0_i/aurora_8b10b_sym_gen_4byte_i/tx_pe_data_r_reg[21]/D 5.687         
auroraIfc/sendQ/fifoMem_reg_0/CLKARDCLK auroraIfc/auroraIntraImport/aurora_module_i/aurora_8b10b_i/inst/aurora_8b10b_aurora_lane_4byte_0_i/aurora_8b10b_sym_gen_4byte_i/tx_pe_data_r_reg[23]/D 5.687         
auroraIfc/sendQ/fifoMem_reg_0/CLKARDCLK auroraIfc/auroraIntraImport/aurora_module_i/aurora_8b10b_i/inst/aurora_8b10b_aurora_lane_4byte_0_i/aurora_8b10b_sym_gen_4byte_i/tx_pe_data_r_reg[25]/D 5.687         
auroraIfc/sendQ/fifoMem_reg_0/CLKARDCLK auroraIfc/auroraIntraImport/aurora_module_i/aurora_8b10b_i/inst/aurora_8b10b_aurora_lane_4byte_0_i/aurora_8b10b_sym_gen_4byte_i/tx_pe_data_r_reg[27]/D 5.687         
auroraIfc/sendQ/fifoMem_reg_0/CLKARDCLK auroraIfc/auroraIntraImport/aurora_module_i/aurora_8b10b_i/inst/aurora_8b10b_aurora_lane_4byte_0_i/aurora_8b10b_sym_gen_4byte_i/tx_pe_data_r_reg[29]/D 5.687         
auroraIfc/sendQ/fifoMem_reg_0/CLKARDCLK auroraIfc/auroraIntraImport/aurora_module_i/aurora_8b10b_i/inst/aurora_8b10b_aurora_lane_4byte_0_i/aurora_8b10b_sym_gen_4byte_i/tx_pe_data_r_reg[31]/D 5.687         
auroraIfc/sendQ/fifoMem_reg_1/CLKARDCLK auroraIfc/auroraIntraImport/aurora_module_i/aurora_8b10b_i/inst/aurora_8b10b_aurora_lane_4byte_1_i/aurora_8b10b_sym_gen_4byte_i/tx_pe_data_r_reg[0]/D 5.687         
auroraIfc/sendQ/fifoMem_reg_1/CLKARDCLK auroraIfc/auroraIntraImport/aurora_module_i/aurora_8b10b_i/inst/aurora_8b10b_aurora_lane_4byte_1_i/aurora_8b10b_sym_gen_4byte_i/tx_pe_data_r_reg[13]/D 5.687         
auroraIfc/sendQ/fifoMem_reg_1/CLKARDCLK auroraIfc/auroraIntraImport/aurora_module_i/aurora_8b10b_i/inst/aurora_8b10b_aurora_lane_4byte_1_i/aurora_8b10b_sym_gen_4byte_i/tx_pe_data_r_reg[14]/D 5.687         
auroraIfc/sendQ/fifoMem_reg_1/CLKARDCLK auroraIfc/auroraIntraImport/aurora_module_i/aurora_8b10b_i/inst/aurora_8b10b_aurora_lane_4byte_1_i/aurora_8b10b_sym_gen_4byte_i/tx_pe_data_r_reg[15]/D 5.687         
auroraIfc/sendQ/fifoMem_reg_0/CLKARDCLK auroraIfc/auroraIntraImport/aurora_module_i/aurora_8b10b_i/inst/aurora_8b10b_aurora_lane_4byte_1_i/aurora_8b10b_sym_gen_4byte_i/tx_pe_data_r_reg[17]/D 5.687         
auroraIfc/sendQ/fifoMem_reg_0/CLKARDCLK auroraIfc/auroraIntraImport/aurora_module_i/aurora_8b10b_i/inst/aurora_8b10b_aurora_lane_4byte_1_i/aurora_8b10b_sym_gen_4byte_i/tx_pe_data_r_reg[19]/D 5.687         
auroraIfc/sendQ/fifoMem_reg_0/CLKARDCLK auroraIfc/auroraIntraImport/aurora_module_i/aurora_8b10b_i/inst/aurora_8b10b_aurora_lane_4byte_1_i/aurora_8b10b_sym_gen_4byte_i/tx_pe_data_r_reg[21]/D 5.687         
auroraIfc/sendQ/fifoMem_reg_0/CLKARDCLK auroraIfc/auroraIntraImport/aurora_module_i/aurora_8b10b_i/inst/aurora_8b10b_aurora_lane_4byte_1_i/aurora_8b10b_sym_gen_4byte_i/tx_pe_data_r_reg[23]/D 5.687         
auroraIfc/sendQ/fifoMem_reg_0/CLKARDCLK auroraIfc/auroraIntraImport/aurora_module_i/aurora_8b10b_i/inst/aurora_8b10b_aurora_lane_4byte_1_i/aurora_8b10b_sym_gen_4byte_i/tx_pe_data_r_reg[25]/D 5.687         
auroraIfc/sendQ/fifoMem_reg_0/CLKARDCLK auroraIfc/auroraIntraImport/aurora_module_i/aurora_8b10b_i/inst/aurora_8b10b_aurora_lane_4byte_1_i/aurora_8b10b_sym_gen_4byte_i/tx_pe_data_r_reg[27]/D 5.687         
auroraIfc/sendQ/fifoMem_reg_0/CLKARDCLK auroraIfc/auroraIntraImport/aurora_module_i/aurora_8b10b_i/inst/aurora_8b10b_aurora_lane_4byte_1_i/aurora_8b10b_sym_gen_4byte_i/tx_pe_data_r_reg[29]/D 5.687         
auroraIfc/sendQ/fifoMem_reg_0/CLKARDCLK auroraIfc/auroraIntraImport/aurora_module_i/aurora_8b10b_i/inst/aurora_8b10b_aurora_lane_4byte_1_i/aurora_8b10b_sym_gen_4byte_i/tx_pe_data_r_reg[31]/D 5.687         
auroraIfc/sendQ/fifoMem_reg_1/CLKARDCLK auroraIfc/auroraIntraImport/aurora_module_i/aurora_8b10b_i/inst/aurora_8b10b_aurora_lane_4byte_1_i/aurora_8b10b_sym_gen_4byte_i/tx_pe_data_r_reg[4]/D 5.687         
auroraIfc/sendQ/fifoMem_reg_1/CLKARDCLK auroraIfc/auroraIntraImport/aurora_module_i/aurora_8b10b_i/inst/aurora_8b10b_aurora_lane_4byte_2_i/aurora_8b10b_sym_gen_4byte_i/tx_pe_data_r_reg[11]/D 5.687         
auroraIfc/sendQ/fifoMem_reg_1/CLKARDCLK auroraIfc/auroraIntraImport/aurora_module_i/aurora_8b10b_i/inst/aurora_8b10b_aurora_lane_4byte_2_i/aurora_8b10b_sym_gen_4byte_i/tx_pe_data_r_reg[13]/D 5.687         
auroraIfc/sendQ/fifoMem_reg_1/CLKARDCLK auroraIfc/auroraIntraImport/aurora_module_i/aurora_8b10b_i/inst/aurora_8b10b_aurora_lane_4byte_2_i/aurora_8b10b_sym_gen_4byte_i/tx_pe_data_r_reg[15]/D 5.687         
auroraIfc/sendQ/fifoMem_reg_0/CLKARDCLK auroraIfc/auroraIntraImport/aurora_module_i/aurora_8b10b_i/inst/aurora_8b10b_aurora_lane_4byte_2_i/aurora_8b10b_sym_gen_4byte_i/tx_pe_data_r_reg[17]/D 5.687         
auroraIfc/sendQ/fifoMem_reg_0/CLKARDCLK auroraIfc/auroraIntraImport/aurora_module_i/aurora_8b10b_i/inst/aurora_8b10b_aurora_lane_4byte_2_i/aurora_8b10b_sym_gen_4byte_i/tx_pe_data_r_reg[19]/D 5.687         
auroraIfc/sendQ/fifoMem_reg_1/CLKARDCLK auroraIfc/auroraIntraImport/aurora_module_i/aurora_8b10b_i/inst/aurora_8b10b_aurora_lane_4byte_2_i/aurora_8b10b_sym_gen_4byte_i/tx_pe_data_r_reg[1]/D 5.687         
auroraIfc/sendQ/fifoMem_reg_0/CLKARDCLK auroraIfc/auroraIntraImport/aurora_module_i/aurora_8b10b_i/inst/aurora_8b10b_aurora_lane_4byte_2_i/aurora_8b10b_sym_gen_4byte_i/tx_pe_data_r_reg[21]/D 5.687         
auroraIfc/sendQ/fifoMem_reg_0/CLKARDCLK auroraIfc/auroraIntraImport/aurora_module_i/aurora_8b10b_i/inst/aurora_8b10b_aurora_lane_4byte_2_i/aurora_8b10b_sym_gen_4byte_i/tx_pe_data_r_reg[23]/D 5.687         
auroraIfc/sendQ/fifoMem_reg_0/CLKARDCLK auroraIfc/auroraIntraImport/aurora_module_i/aurora_8b10b_i/inst/aurora_8b10b_aurora_lane_4byte_2_i/aurora_8b10b_sym_gen_4byte_i/tx_pe_data_r_reg[25]/D 5.687         
auroraIfc/sendQ/fifoMem_reg_0/CLKARDCLK auroraIfc/auroraIntraImport/aurora_module_i/aurora_8b10b_i/inst/aurora_8b10b_aurora_lane_4byte_2_i/aurora_8b10b_sym_gen_4byte_i/tx_pe_data_r_reg[26]/D 5.687         
auroraIfc/sendQ/fifoMem_reg_0/CLKARDCLK auroraIfc/auroraIntraImport/aurora_module_i/aurora_8b10b_i/inst/aurora_8b10b_aurora_lane_4byte_2_i/aurora_8b10b_sym_gen_4byte_i/tx_pe_data_r_reg[29]/D 5.687         
auroraIfc/sendQ/fifoMem_reg_0/CLKARDCLK auroraIfc/auroraIntraImport/aurora_module_i/aurora_8b10b_i/inst/aurora_8b10b_aurora_lane_4byte_2_i/aurora_8b10b_sym_gen_4byte_i/tx_pe_data_r_reg[31]/D 5.687         
auroraIfc/sendQ/fifoMem_reg_1/CLKARDCLK auroraIfc/auroraIntraImport/aurora_module_i/aurora_8b10b_i/inst/aurora_8b10b_aurora_lane_4byte_2_i/aurora_8b10b_sym_gen_4byte_i/tx_pe_data_r_reg[3]/D 5.687         
auroraIfc/sendQ/fifoMem_reg_1/CLKARDCLK auroraIfc/auroraIntraImport/aurora_module_i/aurora_8b10b_i/inst/aurora_8b10b_aurora_lane_4byte_2_i/aurora_8b10b_sym_gen_4byte_i/tx_pe_data_r_reg[5]/D 5.687         
auroraIfc/sendQ/fifoMem_reg_1/CLKARDCLK auroraIfc/auroraIntraImport/aurora_module_i/aurora_8b10b_i/inst/aurora_8b10b_aurora_lane_4byte_2_i/aurora_8b10b_sym_gen_4byte_i/tx_pe_data_r_reg[7]/D 5.687         
auroraIfc/sendQ/fifoMem_reg_1/CLKARDCLK auroraIfc/auroraIntraImport/aurora_module_i/aurora_8b10b_i/inst/aurora_8b10b_aurora_lane_4byte_2_i/aurora_8b10b_sym_gen_4byte_i/tx_pe_data_r_reg[9]/D 5.687         
auroraIfc/sendQ/fifoMem_reg_0/CLKARDCLK auroraIfc/auroraIntraImport/aurora_module_i/aurora_8b10b_i/inst/aurora_8b10b_aurora_lane_4byte_3_i/aurora_8b10b_sym_gen_4byte_i/tx_pe_data_r_reg[11]/D 5.687         
auroraIfc/sendQ/fifoMem_reg_0/CLKARDCLK auroraIfc/auroraIntraImport/aurora_module_i/aurora_8b10b_i/inst/aurora_8b10b_aurora_lane_4byte_3_i/aurora_8b10b_sym_gen_4byte_i/tx_pe_data_r_reg[13]/D 5.687         
auroraIfc/sendQ/fifoMem_reg_0/CLKARDCLK auroraIfc/auroraIntraImport/aurora_module_i/aurora_8b10b_i/inst/aurora_8b10b_aurora_lane_4byte_3_i/aurora_8b10b_sym_gen_4byte_i/tx_pe_data_r_reg[15]/D 5.687         
auroraIfc/sendQ/fifoMem_reg_0/CLKARDCLK auroraIfc/auroraIntraImport/aurora_module_i/aurora_8b10b_i/inst/aurora_8b10b_aurora_lane_4byte_3_i/aurora_8b10b_sym_gen_4byte_i/tx_pe_data_r_reg[17]/D 5.687         
auroraIfc/sendQ/fifoMem_reg_0/CLKARDCLK auroraIfc/auroraIntraImport/aurora_module_i/aurora_8b10b_i/inst/aurora_8b10b_aurora_lane_4byte_3_i/aurora_8b10b_sym_gen_4byte_i/tx_pe_data_r_reg[19]/D 5.687         
auroraIfc/sendQ/fifoMem_reg_1/CLKARDCLK auroraIfc/auroraIntraImport/aurora_module_i/aurora_8b10b_i/inst/aurora_8b10b_aurora_lane_4byte_3_i/aurora_8b10b_sym_gen_4byte_i/tx_pe_data_r_reg[1]/D 5.687         
auroraIfc/sendQ/fifoMem_reg_0/CLKARDCLK auroraIfc/auroraIntraImport/aurora_module_i/aurora_8b10b_i/inst/aurora_8b10b_aurora_lane_4byte_3_i/aurora_8b10b_sym_gen_4byte_i/tx_pe_data_r_reg[21]/D 5.687         
auroraIfc/sendQ/fifoMem_reg_0/CLKARDCLK auroraIfc/auroraIntraImport/aurora_module_i/aurora_8b10b_i/inst/aurora_8b10b_aurora_lane_4byte_3_i/aurora_8b10b_sym_gen_4byte_i/tx_pe_data_r_reg[23]/D 5.687         
auroraIfc/auroraIntraImport/aurora_module_i/aurora_8b10b_i/inst/core_reset_logic_i/tx_lock_cdc_sync/s_level_out_d3_reg/C auroraIfc/recvQ/sDeqPtr_reg[0]/CLR 5.822         
auroraIfc/auroraIntraImport/aurora_module_i/aurora_8b10b_i/inst/core_reset_logic_i/tx_lock_cdc_sync/s_level_out_d3_reg/C auroraIfc/recvQ/sDeqPtr_reg[1]/CLR 5.822         
auroraIfc/auroraIntraImport/aurora_module_i/aurora_8b10b_i/inst/core_reset_logic_i/tx_lock_cdc_sync/s_level_out_d3_reg/C auroraIfc/recvQ/sDeqPtr_reg[2]/CLR 5.822         
auroraIfc/auroraIntraImport/aurora_module_i/aurora_8b10b_i/inst/core_reset_logic_i/tx_lock_cdc_sync/s_level_out_d3_reg/C auroraIfc/recvQ/sDeqPtr_reg[3]/CLR 5.822         
auroraIfc/auroraIntraImport/aurora_module_i/aurora_8b10b_i/inst/core_reset_logic_i/tx_lock_cdc_sync/s_level_out_d3_reg/C auroraIfc/recvQ/sDeqPtr_reg[4]/CLR 5.822         
auroraIfc/auroraIntraImport/aurora_module_i/aurora_8b10b_i/inst/core_reset_logic_i/tx_lock_cdc_sync/s_level_out_d3_reg/C auroraIfc/recvQ/sDeqPtr_reg[5]/CLR 5.822         
auroraIfc/auroraIntraImport/aurora_module_i/aurora_8b10b_i/inst/core_reset_logic_i/tx_lock_cdc_sync/s_level_out_d3_reg/C auroraIfc/recvQ/sGEnqPtr1_reg[2]/CLR 5.822         
auroraIfc/auroraIntraImport/aurora_module_i/aurora_8b10b_i/inst/core_reset_logic_i/tx_lock_cdc_sync/s_level_out_d3_reg/C auroraIfc/recvQ/sGEnqPtr1_reg[3]/CLR 5.822         
auroraIfc/auroraIntraImport/aurora_module_i/aurora_8b10b_i/inst/core_reset_logic_i/tx_lock_cdc_sync/s_level_out_d3_reg/C auroraIfc/recvQ/sGEnqPtr1_reg[4]/CLR 5.822         
auroraIfc/auroraIntraImport/aurora_module_i/aurora_8b10b_i/inst/core_reset_logic_i/tx_lock_cdc_sync/s_level_out_d3_reg/C auroraIfc/recvQ/sGEnqPtr1_reg[5]/CLR 5.822         
auroraIfc/auroraIntraImport/aurora_module_i/aurora_8b10b_i/inst/core_reset_logic_i/tx_lock_cdc_sync/s_level_out_d3_reg/C auroraIfc/recvQ/sGEnqPtr1_reg[6]/CLR 5.822         
auroraIfc/auroraIntraImport/aurora_module_i/aurora_8b10b_i/inst/core_reset_logic_i/tx_lock_cdc_sync/s_level_out_d3_reg/C auroraIfc/recvQ/sGEnqPtr_reg[0]/CLR 5.822         
auroraIfc/auroraIntraImport/aurora_module_i/aurora_8b10b_i/inst/core_reset_logic_i/tx_lock_cdc_sync/s_level_out_d3_reg/C auroraIfc/recvQ/sGEnqPtr_reg[1]/CLR 5.822         
auroraIfc/auroraIntraImport/aurora_module_i/aurora_8b10b_i/inst/core_reset_logic_i/tx_lock_cdc_sync/s_level_out_d3_reg/C auroraIfc/recvQ/sGEnqPtr_reg[2]/CLR 5.822         
auroraIfc/auroraIntraImport/aurora_module_i/aurora_8b10b_i/inst/core_reset_logic_i/tx_lock_cdc_sync/s_level_out_d3_reg/C auroraIfc/recvQ/sGEnqPtr_reg[3]/CLR 5.822         
auroraIfc/auroraIntraImport/aurora_module_i/aurora_8b10b_i/inst/core_reset_logic_i/tx_lock_cdc_sync/s_level_out_d3_reg/C auroraIfc/recvQ/sGEnqPtr_reg[4]/CLR 5.822         
auroraIfc/auroraIntraImport/aurora_module_i/aurora_8b10b_i/inst/core_reset_logic_i/tx_lock_cdc_sync/s_level_out_d3_reg/C auroraIfc/recvQ/sGEnqPtr_reg[5]/CLR 5.822         
auroraIfc/auroraIntraImport/aurora_module_i/aurora_8b10b_i/inst/core_reset_logic_i/tx_lock_cdc_sync/s_level_out_d3_reg/C auroraIfc/recvQ/sGEnqPtr_reg[6]/CLR 5.822         
auroraIfc/auroraIntraImport/aurora_module_i/aurora_8b10b_i/inst/core_reset_logic_i/tx_lock_cdc_sync/s_level_out_d3_reg/C auroraIfc/recvQ/sNotFullReg_reg/CLR 5.822         
auroraIfc/auroraIntraImport/aurora_module_i/aurora_8b10b_i/inst/core_reset_logic_i/tx_lock_cdc_sync/s_level_out_d3_reg/C auroraIfc/recvQ/sSyncReg1_reg[0]/CLR 5.822         
auroraIfc/auroraIntraImport/aurora_module_i/aurora_8b10b_i/inst/core_reset_logic_i/tx_lock_cdc_sync/s_level_out_d3_reg/C auroraIfc/recvQ/sSyncReg1_reg[1]/CLR 5.822         
auroraIfc/auroraIntraImport/aurora_module_i/aurora_8b10b_i/inst/core_reset_logic_i/tx_lock_cdc_sync/s_level_out_d3_reg/C auroraIfc/recvQ/sSyncReg1_reg[2]/CLR 5.822         
auroraIfc/auroraIntraImport/aurora_module_i/aurora_8b10b_i/inst/core_reset_logic_i/tx_lock_cdc_sync/s_level_out_d3_reg/C auroraIfc/recvQ/sSyncReg1_reg[3]/CLR 5.822         
auroraIfc/auroraIntraImport/aurora_module_i/aurora_8b10b_i/inst/core_reset_logic_i/tx_lock_cdc_sync/s_level_out_d3_reg/C auroraIfc/recvQ/sSyncReg1_reg[4]/CLR 5.822         
auroraIfc/auroraIntraImport/aurora_module_i/aurora_8b10b_i/inst/core_reset_logic_i/tx_lock_cdc_sync/s_level_out_d3_reg/C auroraIfc/recvQ/sSyncReg1_reg[5]/CLR 5.822         
auroraIfc/auroraIntraImport/aurora_module_i/aurora_8b10b_i/inst/core_reset_logic_i/tx_lock_cdc_sync/s_level_out_d3_reg/C auroraIfc/recvQ/sGEnqPtr1_reg[0]/PRE 5.861         
auroraIfc/auroraIntraImport/aurora_module_i/aurora_8b10b_i/inst/core_reset_logic_i/tx_lock_cdc_sync/s_level_out_d3_reg/C auroraIfc/recvQ/sGEnqPtr1_reg[1]/PRE 5.861         
auroraIfc/auroraIntraImport/aurora_module_i/aurora_8b10b_i/inst/aurora_8b10b_aurora_lane_4byte_3_i/aurora_8b10b_lane_init_sm_4byte_i/lane_up_flop_i/C auroraIfc/auroraIntraImport/chipscope1.i_vio/inst/PROBE_IN_INST/probe_in_reg_reg[1]/D 7.071         
auroraIfc/auroraIntraImport/aurora_module_i/aurora_8b10b_i/inst/aurora_8b10b_aurora_lane_4byte_3_i/aurora_8b10b_lane_init_sm_4byte_i/lane_up_flop_i/C auroraIfc/auroraIntraImport/chipscope1.i_vio/inst/PROBE_IN_INST/probe_in_reg_reg[1]/D 7.071         
auroraIfc/auroraIntraImport/aurora_module_i/aurora_8b10b_i/inst/core_reset_logic_i/tx_resetdone_cdc_sync/s_level_out_d3_reg/C auroraIfc/auroraIntraImport/aurora_module_i/aurora_8b10b_i/inst/core_reset_logic_i/gt_txresetdone_r2_reg/CLR 7.139         
auroraIfc/auroraIntraImport/aurora_module_i/aurora_8b10b_i/inst/core_reset_logic_i/tx_resetdone_cdc_sync/s_level_out_d3_reg/C auroraIfc/auroraIntraImport/aurora_module_i/aurora_8b10b_i/inst/core_reset_logic_i/gt_txresetdone_r_reg/CLR 7.139         
auroraIfc/auroraIntraImport/aurora_module_i/aurora_8b10b_i/inst/gt_wrapper_i/rxfsm_rxresetdone_r3_reg/C auroraIfc/auroraIntraImport/aurora_module_i/aurora_8b10b_i/inst/core_reset_logic_i/gt_rxresetdone_r2_reg/CLR 7.150         
auroraIfc/auroraIntraImport/aurora_module_i/aurora_8b10b_i/inst/gt_wrapper_i/rxfsm_rxresetdone_r3_reg/C auroraIfc/auroraIntraImport/aurora_module_i/aurora_8b10b_i/inst/core_reset_logic_i/gt_rxresetdone_r_reg/CLR 7.150         
auroraIfc/auroraIntraImport/aurora_module_i/support_reset_logic_i/gt_rst_r_cdc_sync/s_level_out_d3_reg/C auroraIfc/auroraIntraImport/aurora_module_i/support_reset_logic_i/reset_debounce_r_reg[0]/PRE 7.165         
auroraIfc/auroraIntraImport/aurora_module_i/support_reset_logic_i/gt_rst_r_cdc_sync/s_level_out_d3_reg/C auroraIfc/auroraIntraImport/aurora_module_i/support_reset_logic_i/reset_debounce_r_reg[1]/PRE 7.165         
auroraIfc/auroraIntraImport/aurora_module_i/support_reset_logic_i/gt_rst_r_cdc_sync/s_level_out_d3_reg/C auroraIfc/auroraIntraImport/aurora_module_i/support_reset_logic_i/reset_debounce_r_reg[2]/PRE 7.165         
auroraIfc/auroraIntraImport/aurora_module_i/support_reset_logic_i/gt_rst_r_cdc_sync/s_level_out_d3_reg/C auroraIfc/auroraIntraImport/aurora_module_i/support_reset_logic_i/reset_debounce_r_reg[3]/PRE 7.165         
auroraIfc/auroraIntraImport/channel_up_r_reg/C auroraIfc/auroraIntraImport/chipscope1.i_vio/inst/PROBE_IN_INST/probe_in_reg_reg[0]/D 7.911         
auroraIfc/auroraIntraImport/channel_up_r_reg/C auroraIfc/auroraIntraImport/chipscope1.i_vio/inst/PROBE_IN_INST/probe_in_reg_reg[0]/D 7.911         
auroraIfc/auroraIntraImport/aurora_module_i/aurora_8b10b_i/inst/gt_wrapper_i/rxfsm_rxresetdone_r_reg/C auroraIfc/auroraIntraImport/aurora_module_i/aurora_8b10b_i/inst/gt_wrapper_i/gt_rxresetfsm_i/rxresetdone_cdc_sync/s_level_out_d1_cdc_to_reg/D 8.224         
auroraIfc/auroraIntraImport/aurora_module_i/aurora_8b10b_i/inst/gt_wrapper_i/gt_rxresetfsm_i/time_out_wait_bypass_reg/C auroraIfc/auroraIntraImport/aurora_module_i/aurora_8b10b_i/inst/gt_wrapper_i/gt_rxresetfsm_i/time_out_wait_bypass_cdc_sync/s_level_out_d1_cdc_to_reg/D 8.224         
auroraIfc/auroraIntraImport/aurora_module_i/aurora_8b10b_i/inst/gt_wrapper_i/gt_txresetfsm_i/time_out_wait_bypass_reg/C auroraIfc/auroraIntraImport/aurora_module_i/aurora_8b10b_i/inst/gt_wrapper_i/gt_txresetfsm_i/time_out_wait_bypass_cdc_sync/s_level_out_d1_cdc_to_reg/D 8.224         
auroraIfc/auroraIntraImport/aurora_module_i/aurora_8b10b_i/inst/gt_wrapper_i/rxfsm_rxresetdone_r_reg/C auroraIfc/auroraIntraImport/aurora_module_i/aurora_8b10b_i/inst/gt_wrapper_i/gt_rxresetfsm_i/rxresetdone_cdc_sync/s_level_out_d1_cdc_to_reg/D 8.224         
auroraIfc/auroraIntraImport/aurora_module_i/aurora_8b10b_i/inst/gt_wrapper_i/gt_rxresetfsm_i/time_out_wait_bypass_reg/C auroraIfc/auroraIntraImport/aurora_module_i/aurora_8b10b_i/inst/gt_wrapper_i/gt_rxresetfsm_i/time_out_wait_bypass_cdc_sync/s_level_out_d1_cdc_to_reg/D 8.224         
auroraIfc/auroraIntraImport/aurora_module_i/aurora_8b10b_i/inst/gt_wrapper_i/gt_txresetfsm_i/time_out_wait_bypass_reg/C auroraIfc/auroraIntraImport/aurora_module_i/aurora_8b10b_i/inst/gt_wrapper_i/gt_txresetfsm_i/time_out_wait_bypass_cdc_sync/s_level_out_d1_cdc_to_reg/D 8.224         
auroraIfc/auroraIntraImport/aurora_module_i/aurora_8b10b_i/inst/aurora_8b10b_aurora_lane_4byte_0_i/aurora_8b10b_hotplug_i/rx_cc_extend_r2_reg/C auroraIfc/auroraIntraImport/aurora_module_i/aurora_8b10b_i/inst/aurora_8b10b_aurora_lane_4byte_0_i/aurora_8b10b_hotplug_i/rx_cc_cdc_sync/s_level_out_d1_cdc_to_reg/D 8.235         
auroraIfc/auroraIntraImport/aurora_module_i/aurora_8b10b_i/inst/aurora_8b10b_aurora_lane_4byte_1_i/aurora_8b10b_hotplug_i/rx_cc_extend_r2_reg/C auroraIfc/auroraIntraImport/aurora_module_i/aurora_8b10b_i/inst/aurora_8b10b_aurora_lane_4byte_1_i/aurora_8b10b_hotplug_i/rx_cc_cdc_sync/s_level_out_d1_cdc_to_reg/D 8.235         
auroraIfc/auroraIntraImport/aurora_module_i/aurora_8b10b_i/inst/aurora_8b10b_aurora_lane_4byte_2_i/aurora_8b10b_hotplug_i/rx_cc_extend_r2_reg/C auroraIfc/auroraIntraImport/aurora_module_i/aurora_8b10b_i/inst/aurora_8b10b_aurora_lane_4byte_2_i/aurora_8b10b_hotplug_i/rx_cc_cdc_sync/s_level_out_d1_cdc_to_reg/D 8.235         
auroraIfc/auroraIntraImport/aurora_module_i/aurora_8b10b_i/inst/aurora_8b10b_aurora_lane_4byte_3_i/aurora_8b10b_hotplug_i/rx_cc_extend_r2_reg/C auroraIfc/auroraIntraImport/aurora_module_i/aurora_8b10b_i/inst/aurora_8b10b_aurora_lane_4byte_3_i/aurora_8b10b_hotplug_i/rx_cc_cdc_sync/s_level_out_d1_cdc_to_reg/D 8.235         
auroraIfc/auroraIntraImport/aurora_module_i/aurora_8b10b_i/inst/rxfsm_data_valid_r_reg/C auroraIfc/auroraIntraImport/aurora_module_i/aurora_8b10b_i/inst/gt_wrapper_i/gt_rxresetfsm_i/data_valid_cdc_sync/s_level_out_d1_cdc_to_reg/D 8.235         
auroraIfc/auroraIntraImport/aurora_module_i/aurora_8b10b_i/inst/gt_wrapper_i/txfsm_txresetdone_r_reg/C auroraIfc/auroraIntraImport/aurora_module_i/aurora_8b10b_i/inst/gt_wrapper_i/gt_txresetfsm_i/txresetdone_cdc_sync/s_level_out_d1_cdc_to_reg/D 8.235         
auroraIfc/auroraIntraImport/aurora_module_i/aurora_8b10b_i/inst/aurora_8b10b_global_logic_i/channel_init_sm_i/GTRXRESET_OUT_reg/C auroraIfc/auroraIntraImport/aurora_module_i/aurora_8b10b_i/inst/gt_wrapper_i/gtrxreset_cdc_sync/s_level_out_d1_cdc_to_reg/D 8.235         
auroraIfc/auroraIntraImport/aurora_module_i/aurora_8b10b_i/inst/aurora_8b10b_aurora_lane_4byte_0_i/aurora_8b10b_hotplug_i/rx_cc_extend_r2_reg/C auroraIfc/auroraIntraImport/aurora_module_i/aurora_8b10b_i/inst/aurora_8b10b_aurora_lane_4byte_0_i/aurora_8b10b_hotplug_i/rx_cc_cdc_sync/s_level_out_d1_cdc_to_reg/D 8.235         
auroraIfc/auroraIntraImport/aurora_module_i/aurora_8b10b_i/inst/aurora_8b10b_aurora_lane_4byte_1_i/aurora_8b10b_hotplug_i/rx_cc_extend_r2_reg/C auroraIfc/auroraIntraImport/aurora_module_i/aurora_8b10b_i/inst/aurora_8b10b_aurora_lane_4byte_1_i/aurora_8b10b_hotplug_i/rx_cc_cdc_sync/s_level_out_d1_cdc_to_reg/D 8.235         
auroraIfc/auroraIntraImport/aurora_module_i/aurora_8b10b_i/inst/aurora_8b10b_aurora_lane_4byte_2_i/aurora_8b10b_hotplug_i/rx_cc_extend_r2_reg/C auroraIfc/auroraIntraImport/aurora_module_i/aurora_8b10b_i/inst/aurora_8b10b_aurora_lane_4byte_2_i/aurora_8b10b_hotplug_i/rx_cc_cdc_sync/s_level_out_d1_cdc_to_reg/D 8.235         
auroraIfc/auroraIntraImport/aurora_module_i/aurora_8b10b_i/inst/aurora_8b10b_aurora_lane_4byte_3_i/aurora_8b10b_hotplug_i/rx_cc_extend_r2_reg/C auroraIfc/auroraIntraImport/aurora_module_i/aurora_8b10b_i/inst/aurora_8b10b_aurora_lane_4byte_3_i/aurora_8b10b_hotplug_i/rx_cc_cdc_sync/s_level_out_d1_cdc_to_reg/D 8.235         
auroraIfc/auroraIntraImport/aurora_module_i/aurora_8b10b_i/inst/rxfsm_data_valid_r_reg/C auroraIfc/auroraIntraImport/aurora_module_i/aurora_8b10b_i/inst/gt_wrapper_i/gt_rxresetfsm_i/data_valid_cdc_sync/s_level_out_d1_cdc_to_reg/D 8.235         
auroraIfc/auroraIntraImport/aurora_module_i/aurora_8b10b_i/inst/gt_wrapper_i/txfsm_txresetdone_r_reg/C auroraIfc/auroraIntraImport/aurora_module_i/aurora_8b10b_i/inst/gt_wrapper_i/gt_txresetfsm_i/txresetdone_cdc_sync/s_level_out_d1_cdc_to_reg/D 8.235         
auroraIfc/auroraIntraImport/aurora_module_i/aurora_8b10b_i/inst/aurora_8b10b_global_logic_i/channel_init_sm_i/GTRXRESET_OUT_reg/C auroraIfc/auroraIntraImport/aurora_module_i/aurora_8b10b_i/inst/gt_wrapper_i/gtrxreset_cdc_sync/s_level_out_d1_cdc_to_reg/D 8.235         
auroraIfc/auroraIntraImport/aurora_module_i/aurora_8b10b_i/inst/gt_wrapper_i/gt_rxresetfsm_i/mmcm_lock_reclocked_reg/C auroraIfc/auroraIntraImport/aurora_module_i/aurora_8b10b_i/inst/gt_wrapper_i/gt_rxresetfsm_i/FSM_onehot_rx_state_reg[1]/CE 16.032        
auroraIfc/auroraIntraImport/aurora_module_i/aurora_8b10b_i/inst/gt_wrapper_i/gt_rxresetfsm_i/mmcm_lock_reclocked_reg/C auroraIfc/auroraIntraImport/aurora_module_i/aurora_8b10b_i/inst/gt_wrapper_i/gt_rxresetfsm_i/FSM_onehot_rx_state_reg[2]/CE 16.032        
auroraIfc/auroraIntraImport/aurora_module_i/aurora_8b10b_i/inst/gt_wrapper_i/gt_rxresetfsm_i/mmcm_lock_reclocked_reg/C auroraIfc/auroraIntraImport/aurora_module_i/aurora_8b10b_i/inst/gt_wrapper_i/gt_rxresetfsm_i/FSM_onehot_rx_state_reg[3]/CE 16.032        
auroraIfc/auroraIntraImport/aurora_module_i/aurora_8b10b_i/inst/gt_wrapper_i/gt_rxresetfsm_i/mmcm_lock_reclocked_reg/C auroraIfc/auroraIntraImport/aurora_module_i/aurora_8b10b_i/inst/gt_wrapper_i/gt_rxresetfsm_i/FSM_onehot_rx_state_reg[4]/CE 16.032        
auroraIfc/auroraIntraImport/aurora_module_i/aurora_8b10b_i/inst/gt_wrapper_i/gt_rxresetfsm_i/mmcm_lock_reclocked_reg/C auroraIfc/auroraIntraImport/aurora_module_i/aurora_8b10b_i/inst/gt_wrapper_i/gt_rxresetfsm_i/FSM_onehot_rx_state_reg[5]/CE 16.032        
auroraIfc/auroraIntraImport/aurora_module_i/aurora_8b10b_i/inst/gt_wrapper_i/gt_rxresetfsm_i/mmcm_lock_reclocked_reg/C auroraIfc/auroraIntraImport/aurora_module_i/aurora_8b10b_i/inst/gt_wrapper_i/gt_rxresetfsm_i/FSM_onehot_rx_state_reg[6]/CE 16.032        
auroraIfc/auroraIntraImport/aurora_module_i/aurora_8b10b_i/inst/gt_wrapper_i/gt_rxresetfsm_i/mmcm_lock_reclocked_reg/C auroraIfc/auroraIntraImport/aurora_module_i/aurora_8b10b_i/inst/gt_wrapper_i/gt_rxresetfsm_i/FSM_onehot_rx_state_reg[7]/CE 16.032        
auroraIfc/auroraIntraImport/aurora_module_i/aurora_8b10b_i/inst/gt_wrapper_i/gt_rxresetfsm_i/mmcm_lock_reclocked_reg/C auroraIfc/auroraIntraImport/aurora_module_i/aurora_8b10b_i/inst/gt_wrapper_i/gt_rxresetfsm_i/FSM_onehot_rx_state_reg[8]/CE 16.032        
auroraIfc/auroraIntraImport/aurora_module_i/aurora_8b10b_i/inst/gt_wrapper_i/gt_rxresetfsm_i/mmcm_lock_reclocked_reg/C auroraIfc/auroraIntraImport/aurora_module_i/aurora_8b10b_i/inst/gt_wrapper_i/gt_rxresetfsm_i/FSM_onehot_rx_state_reg[9]/CE 16.032        
auroraIfc/auroraIntraImport/aurora_module_i/aurora_8b10b_i/inst/gt_wrapper_i/gt_rxresetfsm_i/mmcm_lock_reclocked_reg/C auroraIfc/auroraIntraImport/aurora_module_i/aurora_8b10b_i/inst/gt_wrapper_i/gt_rxresetfsm_i/FSM_onehot_rx_state_reg[1]/CE 16.032        
auroraIfc/auroraIntraImport/aurora_module_i/aurora_8b10b_i/inst/gt_wrapper_i/gt_rxresetfsm_i/mmcm_lock_reclocked_reg/C auroraIfc/auroraIntraImport/aurora_module_i/aurora_8b10b_i/inst/gt_wrapper_i/gt_rxresetfsm_i/FSM_onehot_rx_state_reg[2]/CE 16.032        
auroraIfc/auroraIntraImport/aurora_module_i/aurora_8b10b_i/inst/gt_wrapper_i/gt_rxresetfsm_i/mmcm_lock_reclocked_reg/C auroraIfc/auroraIntraImport/aurora_module_i/aurora_8b10b_i/inst/gt_wrapper_i/gt_rxresetfsm_i/FSM_onehot_rx_state_reg[3]/CE 16.032        
auroraIfc/auroraIntraImport/aurora_module_i/aurora_8b10b_i/inst/gt_wrapper_i/gt_rxresetfsm_i/mmcm_lock_reclocked_reg/C auroraIfc/auroraIntraImport/aurora_module_i/aurora_8b10b_i/inst/gt_wrapper_i/gt_rxresetfsm_i/FSM_onehot_rx_state_reg[4]/CE 16.032        
auroraIfc/auroraIntraImport/aurora_module_i/aurora_8b10b_i/inst/gt_wrapper_i/gt_rxresetfsm_i/mmcm_lock_reclocked_reg/C auroraIfc/auroraIntraImport/aurora_module_i/aurora_8b10b_i/inst/gt_wrapper_i/gt_rxresetfsm_i/FSM_onehot_rx_state_reg[5]/CE 16.032        
auroraIfc/auroraIntraImport/aurora_module_i/aurora_8b10b_i/inst/gt_wrapper_i/gt_rxresetfsm_i/mmcm_lock_reclocked_reg/C auroraIfc/auroraIntraImport/aurora_module_i/aurora_8b10b_i/inst/gt_wrapper_i/gt_rxresetfsm_i/FSM_onehot_rx_state_reg[6]/CE 16.032        
auroraIfc/auroraIntraImport/aurora_module_i/aurora_8b10b_i/inst/gt_wrapper_i/gt_rxresetfsm_i/mmcm_lock_reclocked_reg/C auroraIfc/auroraIntraImport/aurora_module_i/aurora_8b10b_i/inst/gt_wrapper_i/gt_rxresetfsm_i/FSM_onehot_rx_state_reg[7]/CE 16.032        
auroraIfc/auroraIntraImport/aurora_module_i/aurora_8b10b_i/inst/gt_wrapper_i/gt_rxresetfsm_i/mmcm_lock_reclocked_reg/C auroraIfc/auroraIntraImport/aurora_module_i/aurora_8b10b_i/inst/gt_wrapper_i/gt_rxresetfsm_i/FSM_onehot_rx_state_reg[8]/CE 16.032        
auroraIfc/auroraIntraImport/aurora_module_i/aurora_8b10b_i/inst/gt_wrapper_i/gt_rxresetfsm_i/mmcm_lock_reclocked_reg/C auroraIfc/auroraIntraImport/aurora_module_i/aurora_8b10b_i/inst/gt_wrapper_i/gt_rxresetfsm_i/FSM_onehot_rx_state_reg[9]/CE 16.032        
auroraIfc/auroraIntraImport/aurora_module_i/aurora_8b10b_i/inst/gt_wrapper_i/gt_rxresetfsm_i/FSM_onehot_rx_state_reg[8]/C auroraIfc/auroraIntraImport/aurora_module_i/aurora_8b10b_i/inst/gt_wrapper_i/gt_rxresetfsm_i/reset_time_out_reg/D 16.240        
auroraIfc/auroraIntraImport/aurora_module_i/aurora_8b10b_i/inst/gt_wrapper_i/gt_rxresetfsm_i/FSM_onehot_rx_state_reg[8]/C auroraIfc/auroraIntraImport/aurora_module_i/aurora_8b10b_i/inst/gt_wrapper_i/gt_rxresetfsm_i/reset_time_out_reg/D 16.240        
auroraIfc/auroraIntraImport/aurora_module_i/aurora_8b10b_i/inst/gt_wrapper_i/gt_rxresetfsm_i/FSM_onehot_rx_state_reg[4]/C auroraIfc/auroraIntraImport/aurora_module_i/aurora_8b10b_i/inst/gt_wrapper_i/gt_rxresetfsm_i/rx_fsm_reset_done_int_reg/D 16.301        
auroraIfc/auroraIntraImport/aurora_module_i/aurora_8b10b_i/inst/gt_wrapper_i/gt_rxresetfsm_i/FSM_onehot_rx_state_reg[4]/C auroraIfc/auroraIntraImport/aurora_module_i/aurora_8b10b_i/inst/gt_wrapper_i/gt_rxresetfsm_i/rx_fsm_reset_done_int_reg/D 16.301        
auroraIfc/auroraIntraImport/aurora_module_i/aurora_8b10b_i/inst/gt_wrapper_i/rx_cdrlock_counter_reg[8]/C auroraIfc/auroraIntraImport/aurora_module_i/aurora_8b10b_i/inst/gt_wrapper_i/rx_cdrlock_counter_reg[11]/D 16.306        
auroraIfc/auroraIntraImport/aurora_module_i/aurora_8b10b_i/inst/gt_wrapper_i/rx_cdrlock_counter_reg[8]/C auroraIfc/auroraIntraImport/aurora_module_i/aurora_8b10b_i/inst/gt_wrapper_i/rx_cdrlock_counter_reg[13]/D 16.306        
auroraIfc/auroraIntraImport/aurora_module_i/aurora_8b10b_i/inst/gt_wrapper_i/rx_cdrlock_counter_reg[8]/C auroraIfc/auroraIntraImport/aurora_module_i/aurora_8b10b_i/inst/gt_wrapper_i/rx_cdrlock_counter_reg[15]/D 16.306        
auroraIfc/auroraIntraImport/aurora_module_i/aurora_8b10b_i/inst/gt_wrapper_i/rx_cdrlock_counter_reg[8]/C auroraIfc/auroraIntraImport/aurora_module_i/aurora_8b10b_i/inst/gt_wrapper_i/rx_cdrlock_counter_reg[19]/D 16.306        
auroraIfc/auroraIntraImport/aurora_module_i/aurora_8b10b_i/inst/gt_wrapper_i/rx_cdrlock_counter_reg[8]/C auroraIfc/auroraIntraImport/aurora_module_i/aurora_8b10b_i/inst/gt_wrapper_i/rx_cdrlock_counter_reg[21]/D 16.306        
auroraIfc/auroraIntraImport/aurora_module_i/aurora_8b10b_i/inst/gt_wrapper_i/rx_cdrlock_counter_reg[8]/C auroraIfc/auroraIntraImport/aurora_module_i/aurora_8b10b_i/inst/gt_wrapper_i/rx_cdrlock_counter_reg[22]/D 16.306        
auroraIfc/auroraIntraImport/aurora_module_i/aurora_8b10b_i/inst/gt_wrapper_i/rx_cdrlock_counter_reg[8]/C auroraIfc/auroraIntraImport/aurora_module_i/aurora_8b10b_i/inst/gt_wrapper_i/rx_cdrlock_counter_reg[24]/D 16.306        
auroraIfc/auroraIntraImport/aurora_module_i/aurora_8b10b_i/inst/gt_wrapper_i/rx_cdrlock_counter_reg[8]/C auroraIfc/auroraIntraImport/aurora_module_i/aurora_8b10b_i/inst/gt_wrapper_i/rx_cdrlock_counter_reg[26]/D 16.306        
auroraIfc/auroraIntraImport/aurora_module_i/aurora_8b10b_i/inst/gt_wrapper_i/rx_cdrlock_counter_reg[8]/C auroraIfc/auroraIntraImport/aurora_module_i/aurora_8b10b_i/inst/gt_wrapper_i/rx_cdrlock_counter_reg[28]/D 16.306        
auroraIfc/auroraIntraImport/aurora_module_i/aurora_8b10b_i/inst/gt_wrapper_i/rx_cdrlock_counter_reg[8]/C auroraIfc/auroraIntraImport/aurora_module_i/aurora_8b10b_i/inst/gt_wrapper_i/rx_cdrlock_counter_reg[30]/D 16.306        
auroraIfc/auroraIntraImport/aurora_module_i/aurora_8b10b_i/inst/gt_wrapper_i/rx_cdrlock_counter_reg[8]/C auroraIfc/auroraIntraImport/aurora_module_i/aurora_8b10b_i/inst/gt_wrapper_i/rx_cdrlock_counter_reg[31]/D 16.306        
auroraIfc/auroraIntraImport/aurora_module_i/aurora_8b10b_i/inst/gt_wrapper_i/rx_cdrlock_counter_reg[8]/C auroraIfc/auroraIntraImport/aurora_module_i/aurora_8b10b_i/inst/gt_wrapper_i/rx_cdrlock_counter_reg[7]/D 16.306        
auroraIfc/auroraIntraImport/aurora_module_i/aurora_8b10b_i/inst/gt_wrapper_i/rx_cdrlock_counter_reg[8]/C auroraIfc/auroraIntraImport/aurora_module_i/aurora_8b10b_i/inst/gt_wrapper_i/rx_cdrlock_counter_reg[11]/D 16.306        
auroraIfc/auroraIntraImport/aurora_module_i/aurora_8b10b_i/inst/gt_wrapper_i/rx_cdrlock_counter_reg[8]/C auroraIfc/auroraIntraImport/aurora_module_i/aurora_8b10b_i/inst/gt_wrapper_i/rx_cdrlock_counter_reg[13]/D 16.306        
auroraIfc/auroraIntraImport/aurora_module_i/aurora_8b10b_i/inst/gt_wrapper_i/rx_cdrlock_counter_reg[8]/C auroraIfc/auroraIntraImport/aurora_module_i/aurora_8b10b_i/inst/gt_wrapper_i/rx_cdrlock_counter_reg[15]/D 16.306        
auroraIfc/auroraIntraImport/aurora_module_i/aurora_8b10b_i/inst/gt_wrapper_i/rx_cdrlock_counter_reg[8]/C auroraIfc/auroraIntraImport/aurora_module_i/aurora_8b10b_i/inst/gt_wrapper_i/rx_cdrlock_counter_reg[19]/D 16.306        
auroraIfc/auroraIntraImport/aurora_module_i/aurora_8b10b_i/inst/gt_wrapper_i/rx_cdrlock_counter_reg[8]/C auroraIfc/auroraIntraImport/aurora_module_i/aurora_8b10b_i/inst/gt_wrapper_i/rx_cdrlock_counter_reg[21]/D 16.306        
auroraIfc/auroraIntraImport/aurora_module_i/aurora_8b10b_i/inst/gt_wrapper_i/rx_cdrlock_counter_reg[8]/C auroraIfc/auroraIntraImport/aurora_module_i/aurora_8b10b_i/inst/gt_wrapper_i/rx_cdrlock_counter_reg[22]/D 16.306        
auroraIfc/auroraIntraImport/aurora_module_i/aurora_8b10b_i/inst/gt_wrapper_i/rx_cdrlock_counter_reg[8]/C auroraIfc/auroraIntraImport/aurora_module_i/aurora_8b10b_i/inst/gt_wrapper_i/rx_cdrlock_counter_reg[24]/D 16.306        
auroraIfc/auroraIntraImport/aurora_module_i/aurora_8b10b_i/inst/gt_wrapper_i/rx_cdrlock_counter_reg[8]/C auroraIfc/auroraIntraImport/aurora_module_i/aurora_8b10b_i/inst/gt_wrapper_i/rx_cdrlock_counter_reg[26]/D 16.306        
auroraIfc/auroraIntraImport/aurora_module_i/aurora_8b10b_i/inst/gt_wrapper_i/rx_cdrlock_counter_reg[8]/C auroraIfc/auroraIntraImport/aurora_module_i/aurora_8b10b_i/inst/gt_wrapper_i/rx_cdrlock_counter_reg[28]/D 16.306        
auroraIfc/auroraIntraImport/aurora_module_i/aurora_8b10b_i/inst/gt_wrapper_i/rx_cdrlock_counter_reg[8]/C auroraIfc/auroraIntraImport/aurora_module_i/aurora_8b10b_i/inst/gt_wrapper_i/rx_cdrlock_counter_reg[30]/D 16.306        
auroraIfc/auroraIntraImport/aurora_module_i/aurora_8b10b_i/inst/gt_wrapper_i/rx_cdrlock_counter_reg[8]/C auroraIfc/auroraIntraImport/aurora_module_i/aurora_8b10b_i/inst/gt_wrapper_i/rx_cdrlock_counter_reg[31]/D 16.306        
auroraIfc/auroraIntraImport/aurora_module_i/aurora_8b10b_i/inst/gt_wrapper_i/rx_cdrlock_counter_reg[8]/C auroraIfc/auroraIntraImport/aurora_module_i/aurora_8b10b_i/inst/gt_wrapper_i/rx_cdrlock_counter_reg[7]/D 16.306        
auroraIfc/auroraIntraImport/aurora_module_i/aurora_8b10b_i/inst/gt_wrapper_i/gt_txresetfsm_i/FSM_onehot_tx_state_reg[3]/C auroraIfc/auroraIntraImport/aurora_module_i/aurora_8b10b_i/inst/gt_wrapper_i/gt_txresetfsm_i/FSM_onehot_tx_state_reg[2]/D 16.489        
auroraIfc/auroraIntraImport/aurora_module_i/aurora_8b10b_i/inst/gt_wrapper_i/gt_txresetfsm_i/FSM_onehot_tx_state_reg[3]/C auroraIfc/auroraIntraImport/aurora_module_i/aurora_8b10b_i/inst/gt_wrapper_i/gt_txresetfsm_i/FSM_onehot_tx_state_reg[2]/D 16.489        
auroraIfc/auroraIntraImport/aurora_module_i/aurora_8b10b_i/inst/gt_wrapper_i/gt_rxresetfsm_i/FSM_onehot_rx_state_reg[8]/C auroraIfc/auroraIntraImport/aurora_module_i/aurora_8b10b_i/inst/gt_wrapper_i/gt_rxresetfsm_i/FSM_onehot_rx_state_reg[2]/D 16.552        
auroraIfc/auroraIntraImport/aurora_module_i/aurora_8b10b_i/inst/gt_wrapper_i/gt_rxresetfsm_i/FSM_onehot_rx_state_reg[8]/C auroraIfc/auroraIntraImport/aurora_module_i/aurora_8b10b_i/inst/gt_wrapper_i/gt_rxresetfsm_i/FSM_onehot_rx_state_reg[2]/D 16.552        
auroraIfc/auroraIntraImport/aurora_module_i/aurora_8b10b_i/inst/gt_wrapper_i/rx_cdrlock_counter_reg[8]/C auroraIfc/auroraIntraImport/aurora_module_i/aurora_8b10b_i/inst/gt_wrapper_i/rx_cdrlock_counter_reg[3]/D 16.578        
auroraIfc/auroraIntraImport/aurora_module_i/aurora_8b10b_i/inst/gt_wrapper_i/rx_cdrlock_counter_reg[8]/C auroraIfc/auroraIntraImport/aurora_module_i/aurora_8b10b_i/inst/gt_wrapper_i/rx_cdrlock_counter_reg[5]/D 16.578        
auroraIfc/auroraIntraImport/aurora_module_i/aurora_8b10b_i/inst/gt_wrapper_i/rx_cdrlock_counter_reg[8]/C auroraIfc/auroraIntraImport/aurora_module_i/aurora_8b10b_i/inst/gt_wrapper_i/rx_cdrlock_counter_reg[9]/D 16.578        
auroraIfc/auroraIntraImport/aurora_module_i/aurora_8b10b_i/inst/gt_wrapper_i/rx_cdrlock_counter_reg[8]/C auroraIfc/auroraIntraImport/aurora_module_i/aurora_8b10b_i/inst/gt_wrapper_i/rx_cdrlocked_reg/D 16.578        
auroraIfc/auroraIntraImport/aurora_module_i/aurora_8b10b_i/inst/gt_wrapper_i/rx_cdrlock_counter_reg[8]/C auroraIfc/auroraIntraImport/aurora_module_i/aurora_8b10b_i/inst/gt_wrapper_i/rx_cdrlock_counter_reg[3]/D 16.578        
auroraIfc/auroraIntraImport/aurora_module_i/aurora_8b10b_i/inst/gt_wrapper_i/rx_cdrlock_counter_reg[8]/C auroraIfc/auroraIntraImport/aurora_module_i/aurora_8b10b_i/inst/gt_wrapper_i/rx_cdrlock_counter_reg[5]/D 16.578        
auroraIfc/auroraIntraImport/aurora_module_i/aurora_8b10b_i/inst/gt_wrapper_i/rx_cdrlock_counter_reg[8]/C auroraIfc/auroraIntraImport/aurora_module_i/aurora_8b10b_i/inst/gt_wrapper_i/rx_cdrlock_counter_reg[9]/D 16.578        
auroraIfc/auroraIntraImport/aurora_module_i/aurora_8b10b_i/inst/gt_wrapper_i/rx_cdrlock_counter_reg[8]/C auroraIfc/auroraIntraImport/aurora_module_i/aurora_8b10b_i/inst/gt_wrapper_i/rx_cdrlocked_reg/D 16.578        
auroraIfc/auroraIntraImport/aurora_module_i/aurora_8b10b_i/inst/gt_wrapper_i/gt_txresetfsm_i/time_out_counter_reg[2]/C auroraIfc/auroraIntraImport/aurora_module_i/aurora_8b10b_i/inst/gt_wrapper_i/gt_txresetfsm_i/time_out_counter_reg[0]/CE 16.586        
auroraIfc/auroraIntraImport/aurora_module_i/aurora_8b10b_i/inst/gt_wrapper_i/gt_txresetfsm_i/time_out_counter_reg[2]/C auroraIfc/auroraIntraImport/aurora_module_i/aurora_8b10b_i/inst/gt_wrapper_i/gt_txresetfsm_i/time_out_counter_reg[10]/CE 16.586        
auroraIfc/auroraIntraImport/aurora_module_i/aurora_8b10b_i/inst/gt_wrapper_i/gt_txresetfsm_i/time_out_counter_reg[2]/C auroraIfc/auroraIntraImport/aurora_module_i/aurora_8b10b_i/inst/gt_wrapper_i/gt_txresetfsm_i/time_out_counter_reg[11]/CE 16.586        
auroraIfc/auroraIntraImport/aurora_module_i/aurora_8b10b_i/inst/gt_wrapper_i/gt_txresetfsm_i/time_out_counter_reg[2]/C auroraIfc/auroraIntraImport/aurora_module_i/aurora_8b10b_i/inst/gt_wrapper_i/gt_txresetfsm_i/time_out_counter_reg[12]/CE 16.586        
auroraIfc/auroraIntraImport/aurora_module_i/aurora_8b10b_i/inst/gt_wrapper_i/gt_txresetfsm_i/time_out_counter_reg[2]/C auroraIfc/auroraIntraImport/aurora_module_i/aurora_8b10b_i/inst/gt_wrapper_i/gt_txresetfsm_i/time_out_counter_reg[13]/CE 16.586        
auroraIfc/auroraIntraImport/aurora_module_i/aurora_8b10b_i/inst/gt_wrapper_i/gt_txresetfsm_i/time_out_counter_reg[2]/C auroraIfc/auroraIntraImport/aurora_module_i/aurora_8b10b_i/inst/gt_wrapper_i/gt_txresetfsm_i/time_out_counter_reg[14]/CE 16.586        
auroraIfc/auroraIntraImport/aurora_module_i/aurora_8b10b_i/inst/gt_wrapper_i/gt_txresetfsm_i/time_out_counter_reg[2]/C auroraIfc/auroraIntraImport/aurora_module_i/aurora_8b10b_i/inst/gt_wrapper_i/gt_txresetfsm_i/time_out_counter_reg[15]/CE 16.586        
auroraIfc/auroraIntraImport/aurora_module_i/aurora_8b10b_i/inst/gt_wrapper_i/gt_txresetfsm_i/time_out_counter_reg[2]/C auroraIfc/auroraIntraImport/aurora_module_i/aurora_8b10b_i/inst/gt_wrapper_i/gt_txresetfsm_i/time_out_counter_reg[16]/CE 16.586        
auroraIfc/auroraIntraImport/aurora_module_i/aurora_8b10b_i/inst/gt_wrapper_i/gt_txresetfsm_i/time_out_counter_reg[2]/C auroraIfc/auroraIntraImport/aurora_module_i/aurora_8b10b_i/inst/gt_wrapper_i/gt_txresetfsm_i/time_out_counter_reg[17]/CE 16.586        
auroraIfc/auroraIntraImport/aurora_module_i/aurora_8b10b_i/inst/gt_wrapper_i/gt_txresetfsm_i/time_out_counter_reg[2]/C auroraIfc/auroraIntraImport/aurora_module_i/aurora_8b10b_i/inst/gt_wrapper_i/gt_txresetfsm_i/time_out_counter_reg[18]/CE 16.586        
auroraIfc/auroraIntraImport/aurora_module_i/aurora_8b10b_i/inst/gt_wrapper_i/gt_txresetfsm_i/time_out_counter_reg[2]/C auroraIfc/auroraIntraImport/aurora_module_i/aurora_8b10b_i/inst/gt_wrapper_i/gt_txresetfsm_i/time_out_counter_reg[1]/CE 16.586        
auroraIfc/auroraIntraImport/aurora_module_i/aurora_8b10b_i/inst/gt_wrapper_i/gt_txresetfsm_i/time_out_counter_reg[2]/C auroraIfc/auroraIntraImport/aurora_module_i/aurora_8b10b_i/inst/gt_wrapper_i/gt_txresetfsm_i/time_out_counter_reg[2]/CE 16.586        
auroraIfc/auroraIntraImport/aurora_module_i/aurora_8b10b_i/inst/gt_wrapper_i/gt_txresetfsm_i/time_out_counter_reg[2]/C auroraIfc/auroraIntraImport/aurora_module_i/aurora_8b10b_i/inst/gt_wrapper_i/gt_txresetfsm_i/time_out_counter_reg[3]/CE 16.586        
auroraIfc/auroraIntraImport/aurora_module_i/aurora_8b10b_i/inst/gt_wrapper_i/gt_txresetfsm_i/time_out_counter_reg[2]/C auroraIfc/auroraIntraImport/aurora_module_i/aurora_8b10b_i/inst/gt_wrapper_i/gt_txresetfsm_i/time_out_counter_reg[4]/CE 16.586        
auroraIfc/auroraIntraImport/aurora_module_i/aurora_8b10b_i/inst/gt_wrapper_i/gt_txresetfsm_i/time_out_counter_reg[2]/C auroraIfc/auroraIntraImport/aurora_module_i/aurora_8b10b_i/inst/gt_wrapper_i/gt_txresetfsm_i/time_out_counter_reg[5]/CE 16.586        
auroraIfc/auroraIntraImport/aurora_module_i/aurora_8b10b_i/inst/gt_wrapper_i/gt_txresetfsm_i/time_out_counter_reg[2]/C auroraIfc/auroraIntraImport/aurora_module_i/aurora_8b10b_i/inst/gt_wrapper_i/gt_txresetfsm_i/time_out_counter_reg[6]/CE 16.586        
auroraIfc/auroraIntraImport/aurora_module_i/aurora_8b10b_i/inst/gt_wrapper_i/gt_txresetfsm_i/time_out_counter_reg[2]/C auroraIfc/auroraIntraImport/aurora_module_i/aurora_8b10b_i/inst/gt_wrapper_i/gt_txresetfsm_i/time_out_counter_reg[7]/CE 16.586        
auroraIfc/auroraIntraImport/aurora_module_i/aurora_8b10b_i/inst/gt_wrapper_i/gt_txresetfsm_i/time_out_counter_reg[2]/C auroraIfc/auroraIntraImport/aurora_module_i/aurora_8b10b_i/inst/gt_wrapper_i/gt_txresetfsm_i/time_out_counter_reg[8]/CE 16.586        
auroraIfc/auroraIntraImport/aurora_module_i/aurora_8b10b_i/inst/gt_wrapper_i/gt_txresetfsm_i/time_out_counter_reg[2]/C auroraIfc/auroraIntraImport/aurora_module_i/aurora_8b10b_i/inst/gt_wrapper_i/gt_txresetfsm_i/time_out_counter_reg[9]/CE 16.586        
auroraIfc/auroraIntraImport/aurora_module_i/aurora_8b10b_i/inst/gt_wrapper_i/gt_txresetfsm_i/time_out_counter_reg[2]/C auroraIfc/auroraIntraImport/aurora_module_i/aurora_8b10b_i/inst/gt_wrapper_i/gt_txresetfsm_i/time_out_counter_reg[0]/CE 16.586        
auroraIfc/auroraIntraImport/aurora_module_i/aurora_8b10b_i/inst/gt_wrapper_i/gt_txresetfsm_i/time_out_counter_reg[2]/C auroraIfc/auroraIntraImport/aurora_module_i/aurora_8b10b_i/inst/gt_wrapper_i/gt_txresetfsm_i/time_out_counter_reg[10]/CE 16.586        
auroraIfc/auroraIntraImport/aurora_module_i/aurora_8b10b_i/inst/gt_wrapper_i/gt_txresetfsm_i/time_out_counter_reg[2]/C auroraIfc/auroraIntraImport/aurora_module_i/aurora_8b10b_i/inst/gt_wrapper_i/gt_txresetfsm_i/time_out_counter_reg[11]/CE 16.586        
auroraIfc/auroraIntraImport/aurora_module_i/aurora_8b10b_i/inst/gt_wrapper_i/gt_txresetfsm_i/time_out_counter_reg[2]/C auroraIfc/auroraIntraImport/aurora_module_i/aurora_8b10b_i/inst/gt_wrapper_i/gt_txresetfsm_i/time_out_counter_reg[12]/CE 16.586        
auroraIfc/auroraIntraImport/aurora_module_i/aurora_8b10b_i/inst/gt_wrapper_i/gt_txresetfsm_i/time_out_counter_reg[2]/C auroraIfc/auroraIntraImport/aurora_module_i/aurora_8b10b_i/inst/gt_wrapper_i/gt_txresetfsm_i/time_out_counter_reg[13]/CE 16.586        
auroraIfc/auroraIntraImport/aurora_module_i/aurora_8b10b_i/inst/gt_wrapper_i/gt_txresetfsm_i/time_out_counter_reg[2]/C auroraIfc/auroraIntraImport/aurora_module_i/aurora_8b10b_i/inst/gt_wrapper_i/gt_txresetfsm_i/time_out_counter_reg[14]/CE 16.586        
auroraIfc/auroraIntraImport/aurora_module_i/aurora_8b10b_i/inst/gt_wrapper_i/gt_txresetfsm_i/time_out_counter_reg[2]/C auroraIfc/auroraIntraImport/aurora_module_i/aurora_8b10b_i/inst/gt_wrapper_i/gt_txresetfsm_i/time_out_counter_reg[15]/CE 16.586        
auroraIfc/auroraIntraImport/aurora_module_i/aurora_8b10b_i/inst/gt_wrapper_i/gt_txresetfsm_i/time_out_counter_reg[2]/C auroraIfc/auroraIntraImport/aurora_module_i/aurora_8b10b_i/inst/gt_wrapper_i/gt_txresetfsm_i/time_out_counter_reg[16]/CE 16.586        
auroraIfc/auroraIntraImport/aurora_module_i/aurora_8b10b_i/inst/gt_wrapper_i/gt_txresetfsm_i/time_out_counter_reg[2]/C auroraIfc/auroraIntraImport/aurora_module_i/aurora_8b10b_i/inst/gt_wrapper_i/gt_txresetfsm_i/time_out_counter_reg[17]/CE 16.586        
auroraIfc/auroraIntraImport/aurora_module_i/aurora_8b10b_i/inst/gt_wrapper_i/gt_txresetfsm_i/time_out_counter_reg[2]/C auroraIfc/auroraIntraImport/aurora_module_i/aurora_8b10b_i/inst/gt_wrapper_i/gt_txresetfsm_i/time_out_counter_reg[18]/CE 16.586        
auroraIfc/auroraIntraImport/aurora_module_i/aurora_8b10b_i/inst/gt_wrapper_i/gt_txresetfsm_i/time_out_counter_reg[2]/C auroraIfc/auroraIntraImport/aurora_module_i/aurora_8b10b_i/inst/gt_wrapper_i/gt_txresetfsm_i/time_out_counter_reg[1]/CE 16.586        
auroraIfc/auroraIntraImport/aurora_module_i/aurora_8b10b_i/inst/gt_wrapper_i/gt_txresetfsm_i/time_out_counter_reg[2]/C auroraIfc/auroraIntraImport/aurora_module_i/aurora_8b10b_i/inst/gt_wrapper_i/gt_txresetfsm_i/time_out_counter_reg[2]/CE 16.586        
auroraIfc/auroraIntraImport/aurora_module_i/aurora_8b10b_i/inst/gt_wrapper_i/gt_txresetfsm_i/time_out_counter_reg[2]/C auroraIfc/auroraIntraImport/aurora_module_i/aurora_8b10b_i/inst/gt_wrapper_i/gt_txresetfsm_i/time_out_counter_reg[3]/CE 16.586        
auroraIfc/auroraIntraImport/aurora_module_i/aurora_8b10b_i/inst/gt_wrapper_i/gt_txresetfsm_i/time_out_counter_reg[2]/C auroraIfc/auroraIntraImport/aurora_module_i/aurora_8b10b_i/inst/gt_wrapper_i/gt_txresetfsm_i/time_out_counter_reg[4]/CE 16.586        
auroraIfc/auroraIntraImport/aurora_module_i/aurora_8b10b_i/inst/gt_wrapper_i/gt_txresetfsm_i/time_out_counter_reg[2]/C auroraIfc/auroraIntraImport/aurora_module_i/aurora_8b10b_i/inst/gt_wrapper_i/gt_txresetfsm_i/time_out_counter_reg[5]/CE 16.586        
auroraIfc/auroraIntraImport/aurora_module_i/aurora_8b10b_i/inst/gt_wrapper_i/gt_txresetfsm_i/time_out_counter_reg[2]/C auroraIfc/auroraIntraImport/aurora_module_i/aurora_8b10b_i/inst/gt_wrapper_i/gt_txresetfsm_i/time_out_counter_reg[6]/CE 16.586        
auroraIfc/auroraIntraImport/aurora_module_i/aurora_8b10b_i/inst/gt_wrapper_i/gt_txresetfsm_i/time_out_counter_reg[2]/C auroraIfc/auroraIntraImport/aurora_module_i/aurora_8b10b_i/inst/gt_wrapper_i/gt_txresetfsm_i/time_out_counter_reg[7]/CE 16.586        
auroraIfc/auroraIntraImport/aurora_module_i/aurora_8b10b_i/inst/gt_wrapper_i/gt_txresetfsm_i/time_out_counter_reg[2]/C auroraIfc/auroraIntraImport/aurora_module_i/aurora_8b10b_i/inst/gt_wrapper_i/gt_txresetfsm_i/time_out_counter_reg[8]/CE 16.586        
auroraIfc/auroraIntraImport/aurora_module_i/aurora_8b10b_i/inst/gt_wrapper_i/gt_txresetfsm_i/time_out_counter_reg[2]/C auroraIfc/auroraIntraImport/aurora_module_i/aurora_8b10b_i/inst/gt_wrapper_i/gt_txresetfsm_i/time_out_counter_reg[9]/CE 16.586        
auroraIfc/auroraIntraImport/aurora_module_i/aurora_8b10b_i/inst/gt_wrapper_i/gt_txresetfsm_i/FSM_onehot_tx_state_reg[2]/C auroraIfc/auroraIntraImport/aurora_module_i/aurora_8b10b_i/inst/gt_wrapper_i/gt_txresetfsm_i/FSM_onehot_tx_state_reg[0]/CE 16.633        
auroraIfc/auroraIntraImport/aurora_module_i/aurora_8b10b_i/inst/gt_wrapper_i/gt_txresetfsm_i/FSM_onehot_tx_state_reg[2]/C auroraIfc/auroraIntraImport/aurora_module_i/aurora_8b10b_i/inst/gt_wrapper_i/gt_txresetfsm_i/FSM_onehot_tx_state_reg[1]/CE 16.633        
auroraIfc/auroraIntraImport/aurora_module_i/aurora_8b10b_i/inst/gt_wrapper_i/gt_txresetfsm_i/FSM_onehot_tx_state_reg[2]/C auroraIfc/auroraIntraImport/aurora_module_i/aurora_8b10b_i/inst/gt_wrapper_i/gt_txresetfsm_i/FSM_onehot_tx_state_reg[2]/CE 16.633        
auroraIfc/auroraIntraImport/aurora_module_i/aurora_8b10b_i/inst/gt_wrapper_i/gt_txresetfsm_i/FSM_onehot_tx_state_reg[2]/C auroraIfc/auroraIntraImport/aurora_module_i/aurora_8b10b_i/inst/gt_wrapper_i/gt_txresetfsm_i/FSM_onehot_tx_state_reg[3]/CE 16.633        
auroraIfc/auroraIntraImport/aurora_module_i/aurora_8b10b_i/inst/gt_wrapper_i/gt_txresetfsm_i/FSM_onehot_tx_state_reg[2]/C auroraIfc/auroraIntraImport/aurora_module_i/aurora_8b10b_i/inst/gt_wrapper_i/gt_txresetfsm_i/FSM_onehot_tx_state_reg[4]/CE 16.633        
auroraIfc/auroraIntraImport/aurora_module_i/aurora_8b10b_i/inst/gt_wrapper_i/gt_txresetfsm_i/FSM_onehot_tx_state_reg[2]/C auroraIfc/auroraIntraImport/aurora_module_i/aurora_8b10b_i/inst/gt_wrapper_i/gt_txresetfsm_i/FSM_onehot_tx_state_reg[5]/CE 16.633        
auroraIfc/auroraIntraImport/aurora_module_i/aurora_8b10b_i/inst/gt_wrapper_i/gt_txresetfsm_i/FSM_onehot_tx_state_reg[2]/C auroraIfc/auroraIntraImport/aurora_module_i/aurora_8b10b_i/inst/gt_wrapper_i/gt_txresetfsm_i/FSM_onehot_tx_state_reg[6]/CE 16.633        
auroraIfc/auroraIntraImport/aurora_module_i/aurora_8b10b_i/inst/gt_wrapper_i/gt_txresetfsm_i/FSM_onehot_tx_state_reg[2]/C auroraIfc/auroraIntraImport/aurora_module_i/aurora_8b10b_i/inst/gt_wrapper_i/gt_txresetfsm_i/FSM_onehot_tx_state_reg[7]/CE 16.633        
auroraIfc/auroraIntraImport/aurora_module_i/aurora_8b10b_i/inst/gt_wrapper_i/gt_txresetfsm_i/FSM_onehot_tx_state_reg[2]/C auroraIfc/auroraIntraImport/aurora_module_i/aurora_8b10b_i/inst/gt_wrapper_i/gt_txresetfsm_i/FSM_onehot_tx_state_reg[0]/CE 16.633        
auroraIfc/auroraIntraImport/aurora_module_i/aurora_8b10b_i/inst/gt_wrapper_i/gt_txresetfsm_i/FSM_onehot_tx_state_reg[2]/C auroraIfc/auroraIntraImport/aurora_module_i/aurora_8b10b_i/inst/gt_wrapper_i/gt_txresetfsm_i/FSM_onehot_tx_state_reg[1]/CE 16.633        
auroraIfc/auroraIntraImport/aurora_module_i/aurora_8b10b_i/inst/gt_wrapper_i/gt_txresetfsm_i/FSM_onehot_tx_state_reg[2]/C auroraIfc/auroraIntraImport/aurora_module_i/aurora_8b10b_i/inst/gt_wrapper_i/gt_txresetfsm_i/FSM_onehot_tx_state_reg[2]/CE 16.633        
auroraIfc/auroraIntraImport/aurora_module_i/aurora_8b10b_i/inst/gt_wrapper_i/gt_txresetfsm_i/FSM_onehot_tx_state_reg[2]/C auroraIfc/auroraIntraImport/aurora_module_i/aurora_8b10b_i/inst/gt_wrapper_i/gt_txresetfsm_i/FSM_onehot_tx_state_reg[3]/CE 16.633        
auroraIfc/auroraIntraImport/aurora_module_i/aurora_8b10b_i/inst/gt_wrapper_i/gt_txresetfsm_i/FSM_onehot_tx_state_reg[2]/C auroraIfc/auroraIntraImport/aurora_module_i/aurora_8b10b_i/inst/gt_wrapper_i/gt_txresetfsm_i/FSM_onehot_tx_state_reg[4]/CE 16.633        
auroraIfc/auroraIntraImport/aurora_module_i/aurora_8b10b_i/inst/gt_wrapper_i/gt_txresetfsm_i/FSM_onehot_tx_state_reg[2]/C auroraIfc/auroraIntraImport/aurora_module_i/aurora_8b10b_i/inst/gt_wrapper_i/gt_txresetfsm_i/FSM_onehot_tx_state_reg[5]/CE 16.633        
auroraIfc/auroraIntraImport/aurora_module_i/aurora_8b10b_i/inst/gt_wrapper_i/gt_txresetfsm_i/FSM_onehot_tx_state_reg[2]/C auroraIfc/auroraIntraImport/aurora_module_i/aurora_8b10b_i/inst/gt_wrapper_i/gt_txresetfsm_i/FSM_onehot_tx_state_reg[6]/CE 16.633        
auroraIfc/auroraIntraImport/aurora_module_i/aurora_8b10b_i/inst/gt_wrapper_i/gt_txresetfsm_i/FSM_onehot_tx_state_reg[2]/C auroraIfc/auroraIntraImport/aurora_module_i/aurora_8b10b_i/inst/gt_wrapper_i/gt_txresetfsm_i/FSM_onehot_tx_state_reg[7]/CE 16.633        
auroraIfc/auroraIntraImport/aurora_module_i/aurora_8b10b_i/inst/gt_wrapper_i/gt_txresetfsm_i/FSM_onehot_tx_state_reg[4]/C auroraIfc/auroraIntraImport/aurora_module_i/aurora_8b10b_i/inst/gt_wrapper_i/gt_txresetfsm_i/reset_time_out_reg/D 16.642        
auroraIfc/auroraIntraImport/aurora_module_i/aurora_8b10b_i/inst/gt_wrapper_i/gt_txresetfsm_i/FSM_onehot_tx_state_reg[4]/C auroraIfc/auroraIntraImport/aurora_module_i/aurora_8b10b_i/inst/gt_wrapper_i/gt_txresetfsm_i/reset_time_out_reg/D 16.642        
auroraIfc/auroraIntraImport/aurora_module_i/aurora_8b10b_i/inst/gt_wrapper_i/rx_cdrlock_counter_reg[8]/C auroraIfc/auroraIntraImport/aurora_module_i/aurora_8b10b_i/inst/gt_wrapper_i/rx_cdrlock_counter_reg[4]/D 16.719        
auroraIfc/auroraIntraImport/aurora_module_i/aurora_8b10b_i/inst/gt_wrapper_i/rx_cdrlock_counter_reg[8]/C auroraIfc/auroraIntraImport/aurora_module_i/aurora_8b10b_i/inst/gt_wrapper_i/rx_cdrlock_counter_reg[4]/D 16.719        
auroraIfc/auroraIntraImport/aurora_module_i/aurora_8b10b_i/inst/gt_wrapper_i/rx_cdrlock_counter_reg[8]/C auroraIfc/auroraIntraImport/aurora_module_i/aurora_8b10b_i/inst/gt_wrapper_i/rx_cdrlock_counter_reg[0]/D 16.738        
auroraIfc/auroraIntraImport/aurora_module_i/aurora_8b10b_i/inst/gt_wrapper_i/rx_cdrlock_counter_reg[8]/C auroraIfc/auroraIntraImport/aurora_module_i/aurora_8b10b_i/inst/gt_wrapper_i/rx_cdrlock_counter_reg[10]/D 16.738        
auroraIfc/auroraIntraImport/aurora_module_i/aurora_8b10b_i/inst/gt_wrapper_i/rx_cdrlock_counter_reg[8]/C auroraIfc/auroraIntraImport/aurora_module_i/aurora_8b10b_i/inst/gt_wrapper_i/rx_cdrlock_counter_reg[12]/D 16.738        
auroraIfc/auroraIntraImport/aurora_module_i/aurora_8b10b_i/inst/gt_wrapper_i/rx_cdrlock_counter_reg[8]/C auroraIfc/auroraIntraImport/aurora_module_i/aurora_8b10b_i/inst/gt_wrapper_i/rx_cdrlock_counter_reg[14]/D 16.738        
auroraIfc/auroraIntraImport/aurora_module_i/aurora_8b10b_i/inst/gt_wrapper_i/rx_cdrlock_counter_reg[8]/C auroraIfc/auroraIntraImport/aurora_module_i/aurora_8b10b_i/inst/gt_wrapper_i/rx_cdrlock_counter_reg[16]/D 16.738        
auroraIfc/auroraIntraImport/aurora_module_i/aurora_8b10b_i/inst/gt_wrapper_i/rx_cdrlock_counter_reg[8]/C auroraIfc/auroraIntraImport/aurora_module_i/aurora_8b10b_i/inst/gt_wrapper_i/rx_cdrlock_counter_reg[17]/D 16.738        
auroraIfc/auroraIntraImport/aurora_module_i/aurora_8b10b_i/inst/gt_wrapper_i/rx_cdrlock_counter_reg[8]/C auroraIfc/auroraIntraImport/aurora_module_i/aurora_8b10b_i/inst/gt_wrapper_i/rx_cdrlock_counter_reg[18]/D 16.738        
auroraIfc/auroraIntraImport/aurora_module_i/aurora_8b10b_i/inst/gt_wrapper_i/rx_cdrlock_counter_reg[8]/C auroraIfc/auroraIntraImport/aurora_module_i/aurora_8b10b_i/inst/gt_wrapper_i/rx_cdrlock_counter_reg[1]/D 16.738        
auroraIfc/auroraIntraImport/aurora_module_i/aurora_8b10b_i/inst/gt_wrapper_i/rx_cdrlock_counter_reg[8]/C auroraIfc/auroraIntraImport/aurora_module_i/aurora_8b10b_i/inst/gt_wrapper_i/rx_cdrlock_counter_reg[20]/D 16.738        
auroraIfc/auroraIntraImport/aurora_module_i/aurora_8b10b_i/inst/gt_wrapper_i/rx_cdrlock_counter_reg[8]/C auroraIfc/auroraIntraImport/aurora_module_i/aurora_8b10b_i/inst/gt_wrapper_i/rx_cdrlock_counter_reg[23]/D 16.738        
auroraIfc/auroraIntraImport/aurora_module_i/aurora_8b10b_i/inst/gt_wrapper_i/rx_cdrlock_counter_reg[8]/C auroraIfc/auroraIntraImport/aurora_module_i/aurora_8b10b_i/inst/gt_wrapper_i/rx_cdrlock_counter_reg[25]/D 16.738        
auroraIfc/auroraIntraImport/aurora_module_i/aurora_8b10b_i/inst/gt_wrapper_i/rx_cdrlock_counter_reg[8]/C auroraIfc/auroraIntraImport/aurora_module_i/aurora_8b10b_i/inst/gt_wrapper_i/rx_cdrlock_counter_reg[27]/D 16.738        
auroraIfc/auroraIntraImport/aurora_module_i/aurora_8b10b_i/inst/gt_wrapper_i/rx_cdrlock_counter_reg[8]/C auroraIfc/auroraIntraImport/aurora_module_i/aurora_8b10b_i/inst/gt_wrapper_i/rx_cdrlock_counter_reg[29]/D 16.738        
auroraIfc/auroraIntraImport/aurora_module_i/aurora_8b10b_i/inst/gt_wrapper_i/rx_cdrlock_counter_reg[8]/C auroraIfc/auroraIntraImport/aurora_module_i/aurora_8b10b_i/inst/gt_wrapper_i/rx_cdrlock_counter_reg[2]/D 16.738        
auroraIfc/auroraIntraImport/aurora_module_i/aurora_8b10b_i/inst/gt_wrapper_i/rx_cdrlock_counter_reg[8]/C auroraIfc/auroraIntraImport/aurora_module_i/aurora_8b10b_i/inst/gt_wrapper_i/rx_cdrlock_counter_reg[6]/D 16.738        
auroraIfc/auroraIntraImport/aurora_module_i/aurora_8b10b_i/inst/gt_wrapper_i/rx_cdrlock_counter_reg[8]/C auroraIfc/auroraIntraImport/aurora_module_i/aurora_8b10b_i/inst/gt_wrapper_i/rx_cdrlock_counter_reg[8]/D 16.738        
auroraIfc/auroraIntraImport/aurora_module_i/aurora_8b10b_i/inst/gt_wrapper_i/rx_cdrlock_counter_reg[8]/C auroraIfc/auroraIntraImport/aurora_module_i/aurora_8b10b_i/inst/gt_wrapper_i/rx_cdrlock_counter_reg[0]/D 16.738        
auroraIfc/auroraIntraImport/aurora_module_i/aurora_8b10b_i/inst/gt_wrapper_i/rx_cdrlock_counter_reg[8]/C auroraIfc/auroraIntraImport/aurora_module_i/aurora_8b10b_i/inst/gt_wrapper_i/rx_cdrlock_counter_reg[10]/D 16.738        
auroraIfc/auroraIntraImport/aurora_module_i/aurora_8b10b_i/inst/gt_wrapper_i/rx_cdrlock_counter_reg[8]/C auroraIfc/auroraIntraImport/aurora_module_i/aurora_8b10b_i/inst/gt_wrapper_i/rx_cdrlock_counter_reg[12]/D 16.738        
auroraIfc/auroraIntraImport/aurora_module_i/aurora_8b10b_i/inst/gt_wrapper_i/rx_cdrlock_counter_reg[8]/C auroraIfc/auroraIntraImport/aurora_module_i/aurora_8b10b_i/inst/gt_wrapper_i/rx_cdrlock_counter_reg[14]/D 16.738        
auroraIfc/auroraIntraImport/aurora_module_i/aurora_8b10b_i/inst/gt_wrapper_i/rx_cdrlock_counter_reg[8]/C auroraIfc/auroraIntraImport/aurora_module_i/aurora_8b10b_i/inst/gt_wrapper_i/rx_cdrlock_counter_reg[16]/D 16.738        
auroraIfc/auroraIntraImport/aurora_module_i/aurora_8b10b_i/inst/gt_wrapper_i/rx_cdrlock_counter_reg[8]/C auroraIfc/auroraIntraImport/aurora_module_i/aurora_8b10b_i/inst/gt_wrapper_i/rx_cdrlock_counter_reg[17]/D 16.738        
auroraIfc/auroraIntraImport/aurora_module_i/aurora_8b10b_i/inst/gt_wrapper_i/rx_cdrlock_counter_reg[8]/C auroraIfc/auroraIntraImport/aurora_module_i/aurora_8b10b_i/inst/gt_wrapper_i/rx_cdrlock_counter_reg[18]/D 16.738        
auroraIfc/auroraIntraImport/aurora_module_i/aurora_8b10b_i/inst/gt_wrapper_i/rx_cdrlock_counter_reg[8]/C auroraIfc/auroraIntraImport/aurora_module_i/aurora_8b10b_i/inst/gt_wrapper_i/rx_cdrlock_counter_reg[1]/D 16.738        
auroraIfc/auroraIntraImport/aurora_module_i/aurora_8b10b_i/inst/gt_wrapper_i/rx_cdrlock_counter_reg[8]/C auroraIfc/auroraIntraImport/aurora_module_i/aurora_8b10b_i/inst/gt_wrapper_i/rx_cdrlock_counter_reg[20]/D 16.738        
auroraIfc/auroraIntraImport/aurora_module_i/aurora_8b10b_i/inst/gt_wrapper_i/rx_cdrlock_counter_reg[8]/C auroraIfc/auroraIntraImport/aurora_module_i/aurora_8b10b_i/inst/gt_wrapper_i/rx_cdrlock_counter_reg[23]/D 16.738        
auroraIfc/auroraIntraImport/aurora_module_i/aurora_8b10b_i/inst/gt_wrapper_i/rx_cdrlock_counter_reg[8]/C auroraIfc/auroraIntraImport/aurora_module_i/aurora_8b10b_i/inst/gt_wrapper_i/rx_cdrlock_counter_reg[25]/D 16.738        
auroraIfc/auroraIntraImport/aurora_module_i/aurora_8b10b_i/inst/gt_wrapper_i/rx_cdrlock_counter_reg[8]/C auroraIfc/auroraIntraImport/aurora_module_i/aurora_8b10b_i/inst/gt_wrapper_i/rx_cdrlock_counter_reg[27]/D 16.738        
auroraIfc/auroraIntraImport/aurora_module_i/aurora_8b10b_i/inst/gt_wrapper_i/rx_cdrlock_counter_reg[8]/C auroraIfc/auroraIntraImport/aurora_module_i/aurora_8b10b_i/inst/gt_wrapper_i/rx_cdrlock_counter_reg[29]/D 16.738        
auroraIfc/auroraIntraImport/aurora_module_i/aurora_8b10b_i/inst/gt_wrapper_i/rx_cdrlock_counter_reg[8]/C auroraIfc/auroraIntraImport/aurora_module_i/aurora_8b10b_i/inst/gt_wrapper_i/rx_cdrlock_counter_reg[2]/D 16.738        
auroraIfc/auroraIntraImport/aurora_module_i/aurora_8b10b_i/inst/gt_wrapper_i/rx_cdrlock_counter_reg[8]/C auroraIfc/auroraIntraImport/aurora_module_i/aurora_8b10b_i/inst/gt_wrapper_i/rx_cdrlock_counter_reg[6]/D 16.738        
auroraIfc/auroraIntraImport/aurora_module_i/aurora_8b10b_i/inst/gt_wrapper_i/rx_cdrlock_counter_reg[8]/C auroraIfc/auroraIntraImport/aurora_module_i/aurora_8b10b_i/inst/gt_wrapper_i/rx_cdrlock_counter_reg[8]/D 16.738        
auroraIfc/auroraIntraImport/aurora_module_i/aurora_8b10b_i/inst/gt_wrapper_i/gt_rxresetfsm_i/FSM_onehot_rx_state_reg[8]/C auroraIfc/auroraIntraImport/aurora_module_i/aurora_8b10b_i/inst/gt_wrapper_i/gt_rxresetfsm_i/FSM_onehot_rx_state_reg[7]/D 16.913        
auroraIfc/auroraIntraImport/aurora_module_i/aurora_8b10b_i/inst/gt_wrapper_i/gt_rxresetfsm_i/mmcm_lock_count_reg[4]/C auroraIfc/auroraIntraImport/aurora_module_i/aurora_8b10b_i/inst/gt_wrapper_i/gt_rxresetfsm_i/mmcm_lock_reclocked_reg/D 16.913        
auroraIfc/auroraIntraImport/aurora_module_i/aurora_8b10b_i/inst/gt_wrapper_i/gt_txresetfsm_i/mmcm_lock_count_reg[4]/C auroraIfc/auroraIntraImport/aurora_module_i/aurora_8b10b_i/inst/gt_wrapper_i/gt_txresetfsm_i/mmcm_lock_reclocked_reg/D 16.913        
auroraIfc/auroraIntraImport/aurora_module_i/aurora_8b10b_i/inst/gt_wrapper_i/gt_rxresetfsm_i/FSM_onehot_rx_state_reg[8]/C auroraIfc/auroraIntraImport/aurora_module_i/aurora_8b10b_i/inst/gt_wrapper_i/gt_rxresetfsm_i/FSM_onehot_rx_state_reg[7]/D 16.913        
auroraIfc/auroraIntraImport/aurora_module_i/aurora_8b10b_i/inst/gt_wrapper_i/gt_rxresetfsm_i/mmcm_lock_count_reg[4]/C auroraIfc/auroraIntraImport/aurora_module_i/aurora_8b10b_i/inst/gt_wrapper_i/gt_rxresetfsm_i/mmcm_lock_reclocked_reg/D 16.913        
auroraIfc/auroraIntraImport/aurora_module_i/aurora_8b10b_i/inst/gt_wrapper_i/gt_txresetfsm_i/mmcm_lock_count_reg[4]/C auroraIfc/auroraIntraImport/aurora_module_i/aurora_8b10b_i/inst/gt_wrapper_i/gt_txresetfsm_i/mmcm_lock_reclocked_reg/D 16.913        
auroraIfc/auroraIntraImport/aurora_module_i/aurora_8b10b_i/inst/gt_wrapper_i/gt_rxresetfsm_i/FSM_onehot_rx_state_reg[5]/C auroraIfc/auroraIntraImport/aurora_module_i/aurora_8b10b_i/inst/gt_wrapper_i/gt_rxresetfsm_i/FSM_onehot_rx_state_reg[1]/S 16.992        
auroraIfc/auroraIntraImport/aurora_module_i/aurora_8b10b_i/inst/gt_wrapper_i/gt_rxresetfsm_i/FSM_onehot_rx_state_reg[5]/C auroraIfc/auroraIntraImport/aurora_module_i/aurora_8b10b_i/inst/gt_wrapper_i/gt_rxresetfsm_i/FSM_onehot_rx_state_reg[2]/R 16.992        
auroraIfc/auroraIntraImport/aurora_module_i/aurora_8b10b_i/inst/gt_wrapper_i/gt_rxresetfsm_i/FSM_onehot_rx_state_reg[5]/C auroraIfc/auroraIntraImport/aurora_module_i/aurora_8b10b_i/inst/gt_wrapper_i/gt_rxresetfsm_i/FSM_onehot_rx_state_reg[3]/R 16.992        
auroraIfc/auroraIntraImport/aurora_module_i/aurora_8b10b_i/inst/gt_wrapper_i/gt_rxresetfsm_i/FSM_onehot_rx_state_reg[5]/C auroraIfc/auroraIntraImport/aurora_module_i/aurora_8b10b_i/inst/gt_wrapper_i/gt_rxresetfsm_i/FSM_onehot_rx_state_reg[4]/R 16.992        
auroraIfc/auroraIntraImport/aurora_module_i/aurora_8b10b_i/inst/gt_wrapper_i/gt_rxresetfsm_i/FSM_onehot_rx_state_reg[5]/C auroraIfc/auroraIntraImport/aurora_module_i/aurora_8b10b_i/inst/gt_wrapper_i/gt_rxresetfsm_i/FSM_onehot_rx_state_reg[5]/R 16.992        
auroraIfc/auroraIntraImport/aurora_module_i/aurora_8b10b_i/inst/gt_wrapper_i/gt_rxresetfsm_i/FSM_onehot_rx_state_reg[5]/C auroraIfc/auroraIntraImport/aurora_module_i/aurora_8b10b_i/inst/gt_wrapper_i/gt_rxresetfsm_i/FSM_onehot_rx_state_reg[6]/R 16.992        
auroraIfc/auroraIntraImport/aurora_module_i/aurora_8b10b_i/inst/gt_wrapper_i/gt_rxresetfsm_i/FSM_onehot_rx_state_reg[5]/C auroraIfc/auroraIntraImport/aurora_module_i/aurora_8b10b_i/inst/gt_wrapper_i/gt_rxresetfsm_i/FSM_onehot_rx_state_reg[7]/R 16.992        
auroraIfc/auroraIntraImport/aurora_module_i/aurora_8b10b_i/inst/gt_wrapper_i/gt_rxresetfsm_i/FSM_onehot_rx_state_reg[5]/C auroraIfc/auroraIntraImport/aurora_module_i/aurora_8b10b_i/inst/gt_wrapper_i/gt_rxresetfsm_i/FSM_onehot_rx_state_reg[8]/R 16.992        
auroraIfc/auroraIntraImport/aurora_module_i/aurora_8b10b_i/inst/gt_wrapper_i/gt_rxresetfsm_i/FSM_onehot_rx_state_reg[5]/C auroraIfc/auroraIntraImport/aurora_module_i/aurora_8b10b_i/inst/gt_wrapper_i/gt_rxresetfsm_i/FSM_onehot_rx_state_reg[9]/R 16.992        
auroraIfc/auroraIntraImport/aurora_module_i/aurora_8b10b_i/inst/gt_wrapper_i/gt_rxresetfsm_i/FSM_onehot_rx_state_reg[5]/C auroraIfc/auroraIntraImport/aurora_module_i/aurora_8b10b_i/inst/gt_wrapper_i/gt_rxresetfsm_i/GTRXRESET_reg/R 16.992        
auroraIfc/auroraIntraImport/aurora_module_i/aurora_8b10b_i/inst/gt_wrapper_i/gt_rxresetfsm_i/FSM_onehot_rx_state_reg[5]/C auroraIfc/auroraIntraImport/aurora_module_i/aurora_8b10b_i/inst/gt_wrapper_i/gt_rxresetfsm_i/RXUSERRDY_reg/R 16.992        
auroraIfc/auroraIntraImport/aurora_module_i/aurora_8b10b_i/inst/gt_wrapper_i/gt_rxresetfsm_i/FSM_onehot_rx_state_reg[5]/C auroraIfc/auroraIntraImport/aurora_module_i/aurora_8b10b_i/inst/gt_wrapper_i/gt_rxresetfsm_i/FSM_onehot_rx_state_reg[1]/S 16.992        
auroraIfc/auroraIntraImport/aurora_module_i/aurora_8b10b_i/inst/gt_wrapper_i/gt_rxresetfsm_i/FSM_onehot_rx_state_reg[5]/C auroraIfc/auroraIntraImport/aurora_module_i/aurora_8b10b_i/inst/gt_wrapper_i/gt_rxresetfsm_i/FSM_onehot_rx_state_reg[2]/R 16.992        
auroraIfc/auroraIntraImport/aurora_module_i/aurora_8b10b_i/inst/gt_wrapper_i/gt_rxresetfsm_i/FSM_onehot_rx_state_reg[5]/C auroraIfc/auroraIntraImport/aurora_module_i/aurora_8b10b_i/inst/gt_wrapper_i/gt_rxresetfsm_i/FSM_onehot_rx_state_reg[3]/R 16.992        
auroraIfc/auroraIntraImport/aurora_module_i/aurora_8b10b_i/inst/gt_wrapper_i/gt_rxresetfsm_i/FSM_onehot_rx_state_reg[5]/C auroraIfc/auroraIntraImport/aurora_module_i/aurora_8b10b_i/inst/gt_wrapper_i/gt_rxresetfsm_i/FSM_onehot_rx_state_reg[4]/R 16.992        
auroraIfc/auroraIntraImport/aurora_module_i/aurora_8b10b_i/inst/gt_wrapper_i/gt_rxresetfsm_i/FSM_onehot_rx_state_reg[5]/C auroraIfc/auroraIntraImport/aurora_module_i/aurora_8b10b_i/inst/gt_wrapper_i/gt_rxresetfsm_i/FSM_onehot_rx_state_reg[5]/R 16.992        
auroraIfc/auroraIntraImport/aurora_module_i/aurora_8b10b_i/inst/gt_wrapper_i/gt_rxresetfsm_i/FSM_onehot_rx_state_reg[5]/C auroraIfc/auroraIntraImport/aurora_module_i/aurora_8b10b_i/inst/gt_wrapper_i/gt_rxresetfsm_i/FSM_onehot_rx_state_reg[6]/R 16.992        
auroraIfc/auroraIntraImport/aurora_module_i/aurora_8b10b_i/inst/gt_wrapper_i/gt_rxresetfsm_i/FSM_onehot_rx_state_reg[5]/C auroraIfc/auroraIntraImport/aurora_module_i/aurora_8b10b_i/inst/gt_wrapper_i/gt_rxresetfsm_i/FSM_onehot_rx_state_reg[7]/R 16.992        
auroraIfc/auroraIntraImport/aurora_module_i/aurora_8b10b_i/inst/gt_wrapper_i/gt_rxresetfsm_i/FSM_onehot_rx_state_reg[5]/C auroraIfc/auroraIntraImport/aurora_module_i/aurora_8b10b_i/inst/gt_wrapper_i/gt_rxresetfsm_i/FSM_onehot_rx_state_reg[8]/R 16.992        
auroraIfc/auroraIntraImport/aurora_module_i/aurora_8b10b_i/inst/gt_wrapper_i/gt_rxresetfsm_i/FSM_onehot_rx_state_reg[5]/C auroraIfc/auroraIntraImport/aurora_module_i/aurora_8b10b_i/inst/gt_wrapper_i/gt_rxresetfsm_i/FSM_onehot_rx_state_reg[9]/R 16.992        
auroraIfc/auroraIntraImport/aurora_module_i/aurora_8b10b_i/inst/gt_wrapper_i/gt_rxresetfsm_i/FSM_onehot_rx_state_reg[5]/C auroraIfc/auroraIntraImport/aurora_module_i/aurora_8b10b_i/inst/gt_wrapper_i/gt_rxresetfsm_i/GTRXRESET_reg/R 16.992        
auroraIfc/auroraIntraImport/aurora_module_i/aurora_8b10b_i/inst/gt_wrapper_i/gt_rxresetfsm_i/FSM_onehot_rx_state_reg[5]/C auroraIfc/auroraIntraImport/aurora_module_i/aurora_8b10b_i/inst/gt_wrapper_i/gt_rxresetfsm_i/RXUSERRDY_reg/R 16.992        



